CRITICAL - 2021-05-02 00:39:23 --> Undefined variable: email
#0 C:\xampp\htdocs\a-plus-buddy\app\Controllers\Users.php(47): CodeIgniter\Debug\Exceptions->errorHandler(8, 'Undefined varia...', 'C:\\xampp\\htdocs...', 47, Array)
#1 C:\xampp\htdocs\a-plus-buddy\vendor\codeigniter4\framework\system\CodeIgniter.php(910): App\Controllers\Users->index()
#2 C:\xampp\htdocs\a-plus-buddy\vendor\codeigniter4\framework\system\CodeIgniter.php(398): CodeIgniter\CodeIgniter->runController(Object(App\Controllers\Users))
#3 C:\xampp\htdocs\a-plus-buddy\vendor\codeigniter4\framework\system\CodeIgniter.php(306): CodeIgniter\CodeIgniter->handleRequest(NULL, Object(Config\Cache), false)
#4 C:\xampp\htdocs\a-plus-buddy\index.php(44): CodeIgniter\CodeIgniter->run()
#5 {main}
CRITICAL - 2021-05-02 00:40:33 --> Call to a member function getVar() on null
#0 C:\xampp\htdocs\a-plus-buddy\app\Controllers\Users.php(47): App\Models\UserModel->getUserByEmail('watcharapon.pia...')
#1 C:\xampp\htdocs\a-plus-buddy\vendor\codeigniter4\framework\system\CodeIgniter.php(910): App\Controllers\Users->index()
#2 C:\xampp\htdocs\a-plus-buddy\vendor\codeigniter4\framework\system\CodeIgniter.php(398): CodeIgniter\CodeIgniter->runController(Object(App\Controllers\Users))
#3 C:\xampp\htdocs\a-plus-buddy\vendor\codeigniter4\framework\system\CodeIgniter.php(306): CodeIgniter\CodeIgniter->handleRequest(NULL, Object(Config\Cache), false)
#4 C:\xampp\htdocs\a-plus-buddy\index.php(44): CodeIgniter\CodeIgniter->run()
#5 {main}
CRITICAL - 2021-05-02 00:49:38 --> Undefined variable: builder
#0 C:\xampp\htdocs\a-plus-buddy\app\Models\UserModel.php(13): CodeIgniter\Debug\Exceptions->errorHandler(8, 'Undefined varia...', 'C:\\xampp\\htdocs...', 13, Array)
#1 C:\xampp\htdocs\a-plus-buddy\app\Controllers\Users.php(46): App\Models\UserModel->getUserByEmail('watcharapon.pia...')
#2 C:\xampp\htdocs\a-plus-buddy\vendor\codeigniter4\framework\system\CodeIgniter.php(910): App\Controllers\Users->index()
#3 C:\xampp\htdocs\a-plus-buddy\vendor\codeigniter4\framework\system\CodeIgniter.php(398): CodeIgniter\CodeIgniter->runController(Object(App\Controllers\Users))
#4 C:\xampp\htdocs\a-plus-buddy\vendor\codeigniter4\framework\system\CodeIgniter.php(306): CodeIgniter\CodeIgniter->handleRequest(NULL, Object(Config\Cache), false)
#5 C:\xampp\htdocs\a-plus-buddy\index.php(44): CodeIgniter\CodeIgniter->run()
#6 {main}
CRITICAL - 2021-05-02 00:53:02 --> Call to undefined method CodeIgniter\Database\MySQLi\Connection::select()
#0 C:\xampp\htdocs\a-plus-buddy\app\Controllers\Users.php(46): App\Models\UserModel->getUserByEmail('watcharapon.pia...')
#1 C:\xampp\htdocs\a-plus-buddy\vendor\codeigniter4\framework\system\CodeIgniter.php(910): App\Controllers\Users->index()
#2 C:\xampp\htdocs\a-plus-buddy\vendor\codeigniter4\framework\system\CodeIgniter.php(398): CodeIgniter\CodeIgniter->runController(Object(App\Controllers\Users))
#3 C:\xampp\htdocs\a-plus-buddy\vendor\codeigniter4\framework\system\CodeIgniter.php(306): CodeIgniter\CodeIgniter->handleRequest(NULL, Object(Config\Cache), false)
#4 C:\xampp\htdocs\a-plus-buddy\index.php(44): CodeIgniter\CodeIgniter->run()
#5 {main}
CRITICAL - 2021-05-02 00:54:00 --> Table 'a_plus_buddy.role' doesn't exist
#0 C:\xampp\htdocs\a-plus-buddy\vendor\codeigniter4\framework\system\Database\MySQLi\Connection.php(330): mysqli->query('SELECT *\nFROM `...')
#1 C:\xampp\htdocs\a-plus-buddy\vendor\codeigniter4\framework\system\Database\BaseConnection.php(738): CodeIgniter\Database\MySQLi\Connection->execute('SELECT *\nFROM `...')
#2 C:\xampp\htdocs\a-plus-buddy\vendor\codeigniter4\framework\system\Database\BaseConnection.php(666): CodeIgniter\Database\BaseConnection->simpleQuery('SELECT *\nFROM `...')
#3 C:\xampp\htdocs\a-plus-buddy\vendor\codeigniter4\framework\system\Database\BaseBuilder.php(1819): CodeIgniter\Database\BaseConnection->query('SELECT *\nFROM `...', Array, false)
#4 C:\xampp\htdocs\a-plus-buddy\vendor\codeigniter4\framework\system\Model.php(1702): CodeIgniter\Database\BaseBuilder->get()
#5 C:\xampp\htdocs\a-plus-buddy\app\Models\UserModel.php(17): CodeIgniter\Model->__call('get', Array)
#6 C:\xampp\htdocs\a-plus-buddy\app\Controllers\Users.php(46): App\Models\UserModel->getUserByEmail('watcharapon.pia...')
#7 C:\xampp\htdocs\a-plus-buddy\vendor\codeigniter4\framework\system\CodeIgniter.php(910): App\Controllers\Users->index()
#8 C:\xampp\htdocs\a-plus-buddy\vendor\codeigniter4\framework\system\CodeIgniter.php(398): CodeIgniter\CodeIgniter->runController(Object(App\Controllers\Users))
#9 C:\xampp\htdocs\a-plus-buddy\vendor\codeigniter4\framework\system\CodeIgniter.php(306): CodeIgniter\CodeIgniter->handleRequest(NULL, Object(Config\Cache), false)
#10 C:\xampp\htdocs\a-plus-buddy\index.php(44): CodeIgniter\CodeIgniter->run()
#11 {main}
CRITICAL - 2021-05-02 00:54:02 --> Table 'a_plus_buddy.role' doesn't exist
#0 C:\xampp\htdocs\a-plus-buddy\vendor\codeigniter4\framework\system\Database\MySQLi\Connection.php(330): mysqli->query('SELECT *\nFROM `...')
#1 C:\xampp\htdocs\a-plus-buddy\vendor\codeigniter4\framework\system\Database\BaseConnection.php(738): CodeIgniter\Database\MySQLi\Connection->execute('SELECT *\nFROM `...')
#2 C:\xampp\htdocs\a-plus-buddy\vendor\codeigniter4\framework\system\Database\BaseConnection.php(666): CodeIgniter\Database\BaseConnection->simpleQuery('SELECT *\nFROM `...')
#3 C:\xampp\htdocs\a-plus-buddy\vendor\codeigniter4\framework\system\Database\BaseBuilder.php(1819): CodeIgniter\Database\BaseConnection->query('SELECT *\nFROM `...', Array, false)
#4 C:\xampp\htdocs\a-plus-buddy\vendor\codeigniter4\framework\system\Model.php(1702): CodeIgniter\Database\BaseBuilder->get()
#5 C:\xampp\htdocs\a-plus-buddy\app\Models\UserModel.php(17): CodeIgniter\Model->__call('get', Array)
#6 C:\xampp\htdocs\a-plus-buddy\app\Controllers\Users.php(46): App\Models\UserModel->getUserByEmail('watcharapon.pia...')
#7 C:\xampp\htdocs\a-plus-buddy\vendor\codeigniter4\framework\system\CodeIgniter.php(910): App\Controllers\Users->index()
#8 C:\xampp\htdocs\a-plus-buddy\vendor\codeigniter4\framework\system\CodeIgniter.php(398): CodeIgniter\CodeIgniter->runController(Object(App\Controllers\Users))
#9 C:\xampp\htdocs\a-plus-buddy\vendor\codeigniter4\framework\system\CodeIgniter.php(306): CodeIgniter\CodeIgniter->handleRequest(NULL, Object(Config\Cache), false)
#10 C:\xampp\htdocs\a-plus-buddy\index.php(44): CodeIgniter\CodeIgniter->run()
#11 {main}
CRITICAL - 2021-05-02 00:54:28 --> Table 'a_plus_buddy.user_role' doesn't exist
#0 C:\xampp\htdocs\a-plus-buddy\vendor\codeigniter4\framework\system\Database\MySQLi\Connection.php(330): mysqli->query('SELECT *\nFROM `...')
#1 C:\xampp\htdocs\a-plus-buddy\vendor\codeigniter4\framework\system\Database\BaseConnection.php(738): CodeIgniter\Database\MySQLi\Connection->execute('SELECT *\nFROM `...')
#2 C:\xampp\htdocs\a-plus-buddy\vendor\codeigniter4\framework\system\Database\BaseConnection.php(666): CodeIgniter\Database\BaseConnection->simpleQuery('SELECT *\nFROM `...')
#3 C:\xampp\htdocs\a-plus-buddy\vendor\codeigniter4\framework\system\Database\BaseBuilder.php(1819): CodeIgniter\Database\BaseConnection->query('SELECT *\nFROM `...', Array, false)
#4 C:\xampp\htdocs\a-plus-buddy\vendor\codeigniter4\framework\system\Model.php(1702): CodeIgniter\Database\BaseBuilder->get()
#5 C:\xampp\htdocs\a-plus-buddy\app\Models\UserModel.php(17): CodeIgniter\Model->__call('get', Array)
#6 C:\xampp\htdocs\a-plus-buddy\app\Controllers\Users.php(46): App\Models\UserModel->getUserByEmail('watcharapon.pia...')
#7 C:\xampp\htdocs\a-plus-buddy\vendor\codeigniter4\framework\system\CodeIgniter.php(910): App\Controllers\Users->index()
#8 C:\xampp\htdocs\a-plus-buddy\vendor\codeigniter4\framework\system\CodeIgniter.php(398): CodeIgniter\CodeIgniter->runController(Object(App\Controllers\Users))
#9 C:\xampp\htdocs\a-plus-buddy\vendor\codeigniter4\framework\system\CodeIgniter.php(306): CodeIgniter\CodeIgniter->handleRequest(NULL, Object(Config\Cache), false)
#10 C:\xampp\htdocs\a-plus-buddy\index.php(44): CodeIgniter\CodeIgniter->run()
#11 {main}
CRITICAL - 2021-05-02 01:14:02 --> Call to undefined method CodeIgniter\Database\MySQLi\Result::first()
#0 C:\xampp\htdocs\a-plus-buddy\app\Controllers\Users.php(46): App\Models\UserModel->getUserByEmail('watcharapon.pia...')
#1 C:\xampp\htdocs\a-plus-buddy\vendor\codeigniter4\framework\system\CodeIgniter.php(910): App\Controllers\Users->index()
#2 C:\xampp\htdocs\a-plus-buddy\vendor\codeigniter4\framework\system\CodeIgniter.php(398): CodeIgniter\CodeIgniter->runController(Object(App\Controllers\Users))
#3 C:\xampp\htdocs\a-plus-buddy\vendor\codeigniter4\framework\system\CodeIgniter.php(306): CodeIgniter\CodeIgniter->handleRequest(NULL, Object(Config\Cache), false)
#4 C:\xampp\htdocs\a-plus-buddy\index.php(44): CodeIgniter\CodeIgniter->run()
#5 {main}
CRITICAL - 2021-05-02 02:58:12 --> Class 'App\Controllers\UserModel' not found
#0 C:\xampp\htdocs\a-plus-buddy\vendor\codeigniter4\framework\system\CodeIgniter.php(910): App\Controllers\Test->index()
#1 C:\xampp\htdocs\a-plus-buddy\vendor\codeigniter4\framework\system\CodeIgniter.php(398): CodeIgniter\CodeIgniter->runController(Object(App\Controllers\Test))
#2 C:\xampp\htdocs\a-plus-buddy\vendor\codeigniter4\framework\system\CodeIgniter.php(306): CodeIgniter\CodeIgniter->handleRequest(NULL, Object(Config\Cache), false)
#3 C:\xampp\htdocs\a-plus-buddy\index.php(44): CodeIgniter\CodeIgniter->run()
#4 {main}
CRITICAL - 2021-05-02 02:58:13 --> Class 'App\Controllers\UserModel' not found
#0 C:\xampp\htdocs\a-plus-buddy\vendor\codeigniter4\framework\system\CodeIgniter.php(910): App\Controllers\Test->index()
#1 C:\xampp\htdocs\a-plus-buddy\vendor\codeigniter4\framework\system\CodeIgniter.php(398): CodeIgniter\CodeIgniter->runController(Object(App\Controllers\Test))
#2 C:\xampp\htdocs\a-plus-buddy\vendor\codeigniter4\framework\system\CodeIgniter.php(306): CodeIgniter\CodeIgniter->handleRequest(NULL, Object(Config\Cache), false)
#3 C:\xampp\htdocs\a-plus-buddy\index.php(44): CodeIgniter\CodeIgniter->run()
#4 {main}
CRITICAL - 2021-05-02 02:58:24 --> You must set the database table to be used with your query.
#0 C:\xampp\htdocs\a-plus-buddy\vendor\codeigniter4\framework\system\Model.php(1190): CodeIgniter\Database\BaseConnection->table(NULL)
#1 C:\xampp\htdocs\a-plus-buddy\vendor\codeigniter4\framework\system\Model.php(1700): CodeIgniter\Model->builder()
#2 C:\xampp\htdocs\a-plus-buddy\app\Models\AddressModel.php(9): CodeIgniter\Model->__call('select', Array)
#3 C:\xampp\htdocs\a-plus-buddy\app\Controllers\Test.php(19): App\Models\AddressModel->getProvince()
#4 C:\xampp\htdocs\a-plus-buddy\vendor\codeigniter4\framework\system\CodeIgniter.php(910): App\Controllers\Test->index()
#5 C:\xampp\htdocs\a-plus-buddy\vendor\codeigniter4\framework\system\CodeIgniter.php(398): CodeIgniter\CodeIgniter->runController(Object(App\Controllers\Test))
#6 C:\xampp\htdocs\a-plus-buddy\vendor\codeigniter4\framework\system\CodeIgniter.php(306): CodeIgniter\CodeIgniter->handleRequest(NULL, Object(Config\Cache), false)
#7 C:\xampp\htdocs\a-plus-buddy\index.php(44): CodeIgniter\CodeIgniter->run()
#8 {main}
CRITICAL - 2021-05-02 02:59:25 --> You must set the database table to be used with your query.
#0 C:\xampp\htdocs\a-plus-buddy\vendor\codeigniter4\framework\system\Model.php(1190): CodeIgniter\Database\BaseConnection->table(NULL)
#1 C:\xampp\htdocs\a-plus-buddy\vendor\codeigniter4\framework\system\Model.php(1700): CodeIgniter\Model->builder()
#2 C:\xampp\htdocs\a-plus-buddy\app\Models\AddressModel.php(9): CodeIgniter\Model->__call('select', Array)
#3 C:\xampp\htdocs\a-plus-buddy\app\Controllers\Test.php(19): App\Models\AddressModel->getProvince()
#4 C:\xampp\htdocs\a-plus-buddy\vendor\codeigniter4\framework\system\CodeIgniter.php(910): App\Controllers\Test->index()
#5 C:\xampp\htdocs\a-plus-buddy\vendor\codeigniter4\framework\system\CodeIgniter.php(398): CodeIgniter\CodeIgniter->runController(Object(App\Controllers\Test))
#6 C:\xampp\htdocs\a-plus-buddy\vendor\codeigniter4\framework\system\CodeIgniter.php(306): CodeIgniter\CodeIgniter->handleRequest(NULL, Object(Config\Cache), false)
#7 C:\xampp\htdocs\a-plus-buddy\index.php(44): CodeIgniter\CodeIgniter->run()
#8 {main}
CRITICAL - 2021-05-02 03:02:41 --> Undefined variable: db
#0 C:\xampp\htdocs\a-plus-buddy\app\Models\AddressModel.php(9): CodeIgniter\Debug\Exceptions->errorHandler(8, 'Undefined varia...', 'C:\\xampp\\htdocs...', 9, Array)
#1 C:\xampp\htdocs\a-plus-buddy\app\Controllers\Test.php(19): App\Models\AddressModel->getProvince()
#2 C:\xampp\htdocs\a-plus-buddy\vendor\codeigniter4\framework\system\CodeIgniter.php(910): App\Controllers\Test->index()
#3 C:\xampp\htdocs\a-plus-buddy\vendor\codeigniter4\framework\system\CodeIgniter.php(398): CodeIgniter\CodeIgniter->runController(Object(App\Controllers\Test))
#4 C:\xampp\htdocs\a-plus-buddy\vendor\codeigniter4\framework\system\CodeIgniter.php(306): CodeIgniter\CodeIgniter->handleRequest(NULL, Object(Config\Cache), false)
#5 C:\xampp\htdocs\a-plus-buddy\index.php(44): CodeIgniter\CodeIgniter->run()
#6 {main}
CRITICAL - 2021-05-02 03:05:25 --> Undefined variable: db
#0 C:\xampp\htdocs\a-plus-buddy\app\Models\AddressModel.php(9): CodeIgniter\Debug\Exceptions->errorHandler(8, 'Undefined varia...', 'C:\\xampp\\htdocs...', 9, Array)
#1 C:\xampp\htdocs\a-plus-buddy\app\Controllers\Test.php(19): App\Models\AddressModel->getProvince()
#2 C:\xampp\htdocs\a-plus-buddy\vendor\codeigniter4\framework\system\CodeIgniter.php(910): App\Controllers\Test->index()
#3 C:\xampp\htdocs\a-plus-buddy\vendor\codeigniter4\framework\system\CodeIgniter.php(398): CodeIgniter\CodeIgniter->runController(Object(App\Controllers\Test))
#4 C:\xampp\htdocs\a-plus-buddy\vendor\codeigniter4\framework\system\CodeIgniter.php(306): CodeIgniter\CodeIgniter->handleRequest(NULL, Object(Config\Cache), false)
#5 C:\xampp\htdocs\a-plus-buddy\index.php(44): CodeIgniter\CodeIgniter->run()
#6 {main}
CRITICAL - 2021-05-02 03:05:27 --> Undefined variable: db
#0 C:\xampp\htdocs\a-plus-buddy\app\Models\AddressModel.php(9): CodeIgniter\Debug\Exceptions->errorHandler(8, 'Undefined varia...', 'C:\\xampp\\htdocs...', 9, Array)
#1 C:\xampp\htdocs\a-plus-buddy\app\Controllers\Test.php(19): App\Models\AddressModel->getProvince()
#2 C:\xampp\htdocs\a-plus-buddy\vendor\codeigniter4\framework\system\CodeIgniter.php(910): App\Controllers\Test->index()
#3 C:\xampp\htdocs\a-plus-buddy\vendor\codeigniter4\framework\system\CodeIgniter.php(398): CodeIgniter\CodeIgniter->runController(Object(App\Controllers\Test))
#4 C:\xampp\htdocs\a-plus-buddy\vendor\codeigniter4\framework\system\CodeIgniter.php(306): CodeIgniter\CodeIgniter->handleRequest(NULL, Object(Config\Cache), false)
#5 C:\xampp\htdocs\a-plus-buddy\index.php(44): CodeIgniter\CodeIgniter->run()
#6 {main}
CRITICAL - 2021-05-02 03:06:37 --> Call to undefined method CodeIgniter\Database\MySQLi\Builder::all()
#0 C:\xampp\htdocs\a-plus-buddy\app\Controllers\Test.php(19): App\Models\AddressModel->getProvince()
#1 C:\xampp\htdocs\a-plus-buddy\vendor\codeigniter4\framework\system\CodeIgniter.php(910): App\Controllers\Test->index()
#2 C:\xampp\htdocs\a-plus-buddy\vendor\codeigniter4\framework\system\CodeIgniter.php(398): CodeIgniter\CodeIgniter->runController(Object(App\Controllers\Test))
#3 C:\xampp\htdocs\a-plus-buddy\vendor\codeigniter4\framework\system\CodeIgniter.php(306): CodeIgniter\CodeIgniter->handleRequest(NULL, Object(Config\Cache), false)
#4 C:\xampp\htdocs\a-plus-buddy\index.php(44): CodeIgniter\CodeIgniter->run()
#5 {main}
CRITICAL - 2021-05-02 03:06:53 --> Call to undefined method CodeIgniter\Database\MySQLi\Result::all()
#0 C:\xampp\htdocs\a-plus-buddy\app\Controllers\Test.php(19): App\Models\AddressModel->getProvince()
#1 C:\xampp\htdocs\a-plus-buddy\vendor\codeigniter4\framework\system\CodeIgniter.php(910): App\Controllers\Test->index()
#2 C:\xampp\htdocs\a-plus-buddy\vendor\codeigniter4\framework\system\CodeIgniter.php(398): CodeIgniter\CodeIgniter->runController(Object(App\Controllers\Test))
#3 C:\xampp\htdocs\a-plus-buddy\vendor\codeigniter4\framework\system\CodeIgniter.php(306): CodeIgniter\CodeIgniter->handleRequest(NULL, Object(Config\Cache), false)
#4 C:\xampp\htdocs\a-plus-buddy\index.php(44): CodeIgniter\CodeIgniter->run()
#5 {main}
CRITICAL - 2021-05-02 03:06:54 --> Call to undefined method CodeIgniter\Database\MySQLi\Result::all()
#0 C:\xampp\htdocs\a-plus-buddy\app\Controllers\Test.php(19): App\Models\AddressModel->getProvince()
#1 C:\xampp\htdocs\a-plus-buddy\vendor\codeigniter4\framework\system\CodeIgniter.php(910): App\Controllers\Test->index()
#2 C:\xampp\htdocs\a-plus-buddy\vendor\codeigniter4\framework\system\CodeIgniter.php(398): CodeIgniter\CodeIgniter->runController(Object(App\Controllers\Test))
#3 C:\xampp\htdocs\a-plus-buddy\vendor\codeigniter4\framework\system\CodeIgniter.php(306): CodeIgniter\CodeIgniter->handleRequest(NULL, Object(Config\Cache), false)
#4 C:\xampp\htdocs\a-plus-buddy\index.php(44): CodeIgniter\CodeIgniter->run()
#5 {main}
CRITICAL - 2021-05-02 03:35:34 --> Unknown column 'zipcode' in 'where clause'
#0 C:\xampp\htdocs\a-plus-buddy\vendor\codeigniter4\framework\system\Database\MySQLi\Connection.php(330): mysqli->query('SELECT *\nFROM `...')
#1 C:\xampp\htdocs\a-plus-buddy\vendor\codeigniter4\framework\system\Database\BaseConnection.php(738): CodeIgniter\Database\MySQLi\Connection->execute('SELECT *\nFROM `...')
#2 C:\xampp\htdocs\a-plus-buddy\vendor\codeigniter4\framework\system\Database\BaseConnection.php(666): CodeIgniter\Database\BaseConnection->simpleQuery('SELECT *\nFROM `...')
#3 C:\xampp\htdocs\a-plus-buddy\vendor\codeigniter4\framework\system\Database\BaseBuilder.php(1819): CodeIgniter\Database\BaseConnection->query('SELECT *\nFROM `...', Array, false)
#4 C:\xampp\htdocs\a-plus-buddy\app\Models\AddressModel.php(32): CodeIgniter\Database\BaseBuilder->get()
#5 C:\xampp\htdocs\a-plus-buddy\app\Controllers\Test.php(19): App\Models\AddressModel->getSubDistrict()
#6 C:\xampp\htdocs\a-plus-buddy\vendor\codeigniter4\framework\system\CodeIgniter.php(910): App\Controllers\Test->index()
#7 C:\xampp\htdocs\a-plus-buddy\vendor\codeigniter4\framework\system\CodeIgniter.php(398): CodeIgniter\CodeIgniter->runController(Object(App\Controllers\Test))
#8 C:\xampp\htdocs\a-plus-buddy\vendor\codeigniter4\framework\system\CodeIgniter.php(306): CodeIgniter\CodeIgniter->handleRequest(NULL, Object(Config\Cache), false)
#9 C:\xampp\htdocs\a-plus-buddy\index.php(44): CodeIgniter\CodeIgniter->run()
#10 {main}
CRITICAL - 2021-05-02 03:37:10 --> Unknown column 'zipcode' in 'where clause'
#0 C:\xampp\htdocs\a-plus-buddy\vendor\codeigniter4\framework\system\Database\MySQLi\Connection.php(330): mysqli->query('SELECT *\nFROM `...')
#1 C:\xampp\htdocs\a-plus-buddy\vendor\codeigniter4\framework\system\Database\BaseConnection.php(738): CodeIgniter\Database\MySQLi\Connection->execute('SELECT *\nFROM `...')
#2 C:\xampp\htdocs\a-plus-buddy\vendor\codeigniter4\framework\system\Database\BaseConnection.php(666): CodeIgniter\Database\BaseConnection->simpleQuery('SELECT *\nFROM `...')
#3 C:\xampp\htdocs\a-plus-buddy\vendor\codeigniter4\framework\system\Database\BaseBuilder.php(1978): CodeIgniter\Database\BaseConnection->query('SELECT *\nFROM `...', Array, false)
#4 C:\xampp\htdocs\a-plus-buddy\app\Models\AddressModel.php(31): CodeIgniter\Database\BaseBuilder->getWhere('zipcode <> 0')
#5 C:\xampp\htdocs\a-plus-buddy\app\Controllers\Test.php(19): App\Models\AddressModel->getSubDistrict()
#6 C:\xampp\htdocs\a-plus-buddy\vendor\codeigniter4\framework\system\CodeIgniter.php(910): App\Controllers\Test->index()
#7 C:\xampp\htdocs\a-plus-buddy\vendor\codeigniter4\framework\system\CodeIgniter.php(398): CodeIgniter\CodeIgniter->runController(Object(App\Controllers\Test))
#8 C:\xampp\htdocs\a-plus-buddy\vendor\codeigniter4\framework\system\CodeIgniter.php(306): CodeIgniter\CodeIgniter->handleRequest(NULL, Object(Config\Cache), false)
#9 C:\xampp\htdocs\a-plus-buddy\index.php(44): CodeIgniter\CodeIgniter->run()
#10 {main}
CRITICAL - 2021-05-02 03:50:29 --> Undefined variable: data
#0 C:\xampp\htdocs\a-plus-buddy\app\Views\test.php(3): CodeIgniter\Debug\Exceptions->errorHandler(8, 'Undefined varia...', 'C:\\xampp\\htdocs...', 3, Array)
#1 C:\xampp\htdocs\a-plus-buddy\vendor\codeigniter4\framework\system\View\View.php(236): include('C:\\xampp\\htdocs...')
#2 C:\xampp\htdocs\a-plus-buddy\vendor\codeigniter4\framework\system\Common.php(1071): CodeIgniter\View\View->render('test', Array, true)
#3 C:\xampp\htdocs\a-plus-buddy\app\Controllers\Test.php(23): view('test', Array)
#4 C:\xampp\htdocs\a-plus-buddy\vendor\codeigniter4\framework\system\CodeIgniter.php(910): App\Controllers\Test->index()
#5 C:\xampp\htdocs\a-plus-buddy\vendor\codeigniter4\framework\system\CodeIgniter.php(398): CodeIgniter\CodeIgniter->runController(Object(App\Controllers\Test))
#6 C:\xampp\htdocs\a-plus-buddy\vendor\codeigniter4\framework\system\CodeIgniter.php(306): CodeIgniter\CodeIgniter->handleRequest(NULL, Object(Config\Cache), false)
#7 C:\xampp\htdocs\a-plus-buddy\index.php(44): CodeIgniter\CodeIgniter->run()
#8 {main}
CRITICAL - 2021-05-02 03:56:57 --> Undefined property: stdClass::$code
#0 C:\xampp\htdocs\a-plus-buddy\app\Views\test.php(21): CodeIgniter\Debug\Exceptions->errorHandler(8, 'Undefined prope...', 'C:\\xampp\\htdocs...', 21, Array)
#1 C:\xampp\htdocs\a-plus-buddy\vendor\codeigniter4\framework\system\View\View.php(236): include('C:\\xampp\\htdocs...')
#2 C:\xampp\htdocs\a-plus-buddy\vendor\codeigniter4\framework\system\Common.php(1071): CodeIgniter\View\View->render('test', Array, true)
#3 C:\xampp\htdocs\a-plus-buddy\app\Controllers\Test.php(25): view('test', Array)
#4 C:\xampp\htdocs\a-plus-buddy\vendor\codeigniter4\framework\system\CodeIgniter.php(910): App\Controllers\Test->index()
#5 C:\xampp\htdocs\a-plus-buddy\vendor\codeigniter4\framework\system\CodeIgniter.php(398): CodeIgniter\CodeIgniter->runController(Object(App\Controllers\Test))
#6 C:\xampp\htdocs\a-plus-buddy\vendor\codeigniter4\framework\system\CodeIgniter.php(306): CodeIgniter\CodeIgniter->handleRequest(NULL, Object(Config\Cache), false)
#7 C:\xampp\htdocs\a-plus-buddy\index.php(44): CodeIgniter\CodeIgniter->run()
#8 {main}
