CRITICAL - 2021-04-22 11:00:10 --> Class 'Config\SomeConfig' not found
#0 C:\xampp\htdocs\a-plus-buddy\vendor\codeigniter4\framework\system\Autoloader\Autoloader.php(365): require_once()
#1 C:\xampp\htdocs\a-plus-buddy\vendor\codeigniter4\framework\system\Autoloader\Autoloader.php(296): CodeIgniter\Autoloader\Autoloader->requireFile('C:\\xampp\\htdocs...')
#2 C:\xampp\htdocs\a-plus-buddy\vendor\codeigniter4\framework\system\Autoloader\Autoloader.php(258): CodeIgniter\Autoloader\Autoloader->loadInNamespace('App\\Controllers...')
#3 [internal function]: CodeIgniter\Autoloader\Autoloader->loadClass('App\\Controllers...')
#4 [internal function]: spl_autoload_call('App\\Controllers...')
#5 C:\xampp\htdocs\a-plus-buddy\vendor\codeigniter4\framework\system\CodeIgniter.php(861): class_exists('\\App\\Controller...', true)
#6 C:\xampp\htdocs\a-plus-buddy\vendor\codeigniter4\framework\system\CodeIgniter.php(388): CodeIgniter\CodeIgniter->startController()
#7 C:\xampp\htdocs\a-plus-buddy\vendor\codeigniter4\framework\system\CodeIgniter.php(306): CodeIgniter\CodeIgniter->handleRequest(NULL, Object(Config\Cache), false)
#8 C:\xampp\htdocs\a-plus-buddy\index.php(44): CodeIgniter\CodeIgniter->run()
#9 {main}
CRITICAL - 2021-04-22 11:00:14 --> Class 'Config\SomeConfig' not found
#0 C:\xampp\htdocs\a-plus-buddy\vendor\codeigniter4\framework\system\Autoloader\Autoloader.php(365): require_once()
#1 C:\xampp\htdocs\a-plus-buddy\vendor\codeigniter4\framework\system\Autoloader\Autoloader.php(296): CodeIgniter\Autoloader\Autoloader->requireFile('C:\\xampp\\htdocs...')
#2 C:\xampp\htdocs\a-plus-buddy\vendor\codeigniter4\framework\system\Autoloader\Autoloader.php(258): CodeIgniter\Autoloader\Autoloader->loadInNamespace('App\\Controllers...')
#3 [internal function]: CodeIgniter\Autoloader\Autoloader->loadClass('App\\Controllers...')
#4 [internal function]: spl_autoload_call('App\\Controllers...')
#5 C:\xampp\htdocs\a-plus-buddy\vendor\codeigniter4\framework\system\CodeIgniter.php(861): class_exists('\\App\\Controller...', true)
#6 C:\xampp\htdocs\a-plus-buddy\vendor\codeigniter4\framework\system\CodeIgniter.php(388): CodeIgniter\CodeIgniter->startController()
#7 C:\xampp\htdocs\a-plus-buddy\vendor\codeigniter4\framework\system\CodeIgniter.php(306): CodeIgniter\CodeIgniter->handleRequest(NULL, Object(Config\Cache), false)
#8 C:\xampp\htdocs\a-plus-buddy\index.php(44): CodeIgniter\CodeIgniter->run()
#9 {main}
CRITICAL - 2021-04-22 11:00:42 --> Class 'Config\SomeConfig' not found
#0 C:\xampp\htdocs\a-plus-buddy\vendor\codeigniter4\framework\system\Autoloader\Autoloader.php(365): require_once()
#1 C:\xampp\htdocs\a-plus-buddy\vendor\codeigniter4\framework\system\Autoloader\Autoloader.php(296): CodeIgniter\Autoloader\Autoloader->requireFile('C:\\xampp\\htdocs...')
#2 C:\xampp\htdocs\a-plus-buddy\vendor\codeigniter4\framework\system\Autoloader\Autoloader.php(258): CodeIgniter\Autoloader\Autoloader->loadInNamespace('App\\Controllers...')
#3 [internal function]: CodeIgniter\Autoloader\Autoloader->loadClass('App\\Controllers...')
#4 [internal function]: spl_autoload_call('App\\Controllers...')
#5 C:\xampp\htdocs\a-plus-buddy\vendor\codeigniter4\framework\system\CodeIgniter.php(861): class_exists('\\App\\Controller...', true)
#6 C:\xampp\htdocs\a-plus-buddy\vendor\codeigniter4\framework\system\CodeIgniter.php(388): CodeIgniter\CodeIgniter->startController()
#7 C:\xampp\htdocs\a-plus-buddy\vendor\codeigniter4\framework\system\CodeIgniter.php(306): CodeIgniter\CodeIgniter->handleRequest(NULL, Object(Config\Cache), false)
#8 C:\xampp\htdocs\a-plus-buddy\index.php(44): CodeIgniter\CodeIgniter->run()
#9 {main}
CRITICAL - 2021-04-22 11:00:42 --> Class 'Config\SomeConfig' not found
#0 C:\xampp\htdocs\a-plus-buddy\vendor\codeigniter4\framework\system\Autoloader\Autoloader.php(365): require_once()
#1 C:\xampp\htdocs\a-plus-buddy\vendor\codeigniter4\framework\system\Autoloader\Autoloader.php(296): CodeIgniter\Autoloader\Autoloader->requireFile('C:\\xampp\\htdocs...')
#2 C:\xampp\htdocs\a-plus-buddy\vendor\codeigniter4\framework\system\Autoloader\Autoloader.php(258): CodeIgniter\Autoloader\Autoloader->loadInNamespace('App\\Controllers...')
#3 [internal function]: CodeIgniter\Autoloader\Autoloader->loadClass('App\\Controllers...')
#4 [internal function]: spl_autoload_call('App\\Controllers...')
#5 C:\xampp\htdocs\a-plus-buddy\vendor\codeigniter4\framework\system\CodeIgniter.php(861): class_exists('\\App\\Controller...', true)
#6 C:\xampp\htdocs\a-plus-buddy\vendor\codeigniter4\framework\system\CodeIgniter.php(388): CodeIgniter\CodeIgniter->startController()
#7 C:\xampp\htdocs\a-plus-buddy\vendor\codeigniter4\framework\system\CodeIgniter.php(306): CodeIgniter\CodeIgniter->handleRequest(NULL, Object(Config\Cache), false)
#8 C:\xampp\htdocs\a-plus-buddy\index.php(44): CodeIgniter\CodeIgniter->run()
#9 {main}
CRITICAL - 2021-04-22 11:00:43 --> Class 'Config\SomeConfig' not found
#0 C:\xampp\htdocs\a-plus-buddy\vendor\codeigniter4\framework\system\Autoloader\Autoloader.php(365): require_once()
#1 C:\xampp\htdocs\a-plus-buddy\vendor\codeigniter4\framework\system\Autoloader\Autoloader.php(296): CodeIgniter\Autoloader\Autoloader->requireFile('C:\\xampp\\htdocs...')
#2 C:\xampp\htdocs\a-plus-buddy\vendor\codeigniter4\framework\system\Autoloader\Autoloader.php(258): CodeIgniter\Autoloader\Autoloader->loadInNamespace('App\\Controllers...')
#3 [internal function]: CodeIgniter\Autoloader\Autoloader->loadClass('App\\Controllers...')
#4 [internal function]: spl_autoload_call('App\\Controllers...')
#5 C:\xampp\htdocs\a-plus-buddy\vendor\codeigniter4\framework\system\CodeIgniter.php(861): class_exists('\\App\\Controller...', true)
#6 C:\xampp\htdocs\a-plus-buddy\vendor\codeigniter4\framework\system\CodeIgniter.php(388): CodeIgniter\CodeIgniter->startController()
#7 C:\xampp\htdocs\a-plus-buddy\vendor\codeigniter4\framework\system\CodeIgniter.php(306): CodeIgniter\CodeIgniter->handleRequest(NULL, Object(Config\Cache), false)
#8 C:\xampp\htdocs\a-plus-buddy\index.php(44): CodeIgniter\CodeIgniter->run()
#9 {main}
CRITICAL - 2021-04-22 11:00:57 --> Class 'Config\SomeConfig' not found
#0 C:\xampp\htdocs\a-plus-buddy\vendor\codeigniter4\framework\system\Autoloader\Autoloader.php(365): require_once()
#1 C:\xampp\htdocs\a-plus-buddy\vendor\codeigniter4\framework\system\Autoloader\Autoloader.php(296): CodeIgniter\Autoloader\Autoloader->requireFile('C:\\xampp\\htdocs...')
#2 C:\xampp\htdocs\a-plus-buddy\vendor\codeigniter4\framework\system\Autoloader\Autoloader.php(258): CodeIgniter\Autoloader\Autoloader->loadInNamespace('App\\Controllers...')
#3 [internal function]: CodeIgniter\Autoloader\Autoloader->loadClass('App\\Controllers...')
#4 [internal function]: spl_autoload_call('App\\Controllers...')
#5 C:\xampp\htdocs\a-plus-buddy\vendor\codeigniter4\framework\system\CodeIgniter.php(861): class_exists('\\App\\Controller...', true)
#6 C:\xampp\htdocs\a-plus-buddy\vendor\codeigniter4\framework\system\CodeIgniter.php(388): CodeIgniter\CodeIgniter->startController()
#7 C:\xampp\htdocs\a-plus-buddy\vendor\codeigniter4\framework\system\CodeIgniter.php(306): CodeIgniter\CodeIgniter->handleRequest(NULL, Object(Config\Cache), false)
#8 C:\xampp\htdocs\a-plus-buddy\index.php(44): CodeIgniter\CodeIgniter->run()
#9 {main}
CRITICAL - 2021-04-22 11:00:57 --> Class 'Config\SomeConfig' not found
#0 C:\xampp\htdocs\a-plus-buddy\vendor\codeigniter4\framework\system\Autoloader\Autoloader.php(365): require_once()
#1 C:\xampp\htdocs\a-plus-buddy\vendor\codeigniter4\framework\system\Autoloader\Autoloader.php(296): CodeIgniter\Autoloader\Autoloader->requireFile('C:\\xampp\\htdocs...')
#2 C:\xampp\htdocs\a-plus-buddy\vendor\codeigniter4\framework\system\Autoloader\Autoloader.php(258): CodeIgniter\Autoloader\Autoloader->loadInNamespace('App\\Controllers...')
#3 [internal function]: CodeIgniter\Autoloader\Autoloader->loadClass('App\\Controllers...')
#4 [internal function]: spl_autoload_call('App\\Controllers...')
#5 C:\xampp\htdocs\a-plus-buddy\vendor\codeigniter4\framework\system\CodeIgniter.php(861): class_exists('\\App\\Controller...', true)
#6 C:\xampp\htdocs\a-plus-buddy\vendor\codeigniter4\framework\system\CodeIgniter.php(388): CodeIgniter\CodeIgniter->startController()
#7 C:\xampp\htdocs\a-plus-buddy\vendor\codeigniter4\framework\system\CodeIgniter.php(306): CodeIgniter\CodeIgniter->handleRequest(NULL, Object(Config\Cache), false)
#8 C:\xampp\htdocs\a-plus-buddy\index.php(44): CodeIgniter\CodeIgniter->run()
#9 {main}
CRITICAL - 2021-04-22 11:09:20 --> Class 'Config\SomeConfig' not found
#0 C:\xampp\htdocs\a-plus-buddy\vendor\codeigniter4\framework\system\Autoloader\Autoloader.php(365): require_once()
#1 C:\xampp\htdocs\a-plus-buddy\vendor\codeigniter4\framework\system\Autoloader\Autoloader.php(296): CodeIgniter\Autoloader\Autoloader->requireFile('C:\\xampp\\htdocs...')
#2 C:\xampp\htdocs\a-plus-buddy\vendor\codeigniter4\framework\system\Autoloader\Autoloader.php(258): CodeIgniter\Autoloader\Autoloader->loadInNamespace('App\\Controllers...')
#3 [internal function]: CodeIgniter\Autoloader\Autoloader->loadClass('App\\Controllers...')
#4 [internal function]: spl_autoload_call('App\\Controllers...')
#5 C:\xampp\htdocs\a-plus-buddy\vendor\codeigniter4\framework\system\CodeIgniter.php(861): class_exists('\\App\\Controller...', true)
#6 C:\xampp\htdocs\a-plus-buddy\vendor\codeigniter4\framework\system\CodeIgniter.php(388): CodeIgniter\CodeIgniter->startController()
#7 C:\xampp\htdocs\a-plus-buddy\vendor\codeigniter4\framework\system\CodeIgniter.php(306): CodeIgniter\CodeIgniter->handleRequest(NULL, Object(Config\Cache), false)
#8 C:\xampp\htdocs\a-plus-buddy\index.php(44): CodeIgniter\CodeIgniter->run()
#9 {main}
CRITICAL - 2021-04-22 11:29:20 --> Cannot call constructor
#0 C:\xampp\htdocs\a-plus-buddy\vendor\codeigniter4\framework\system\CodeIgniter.php(882): App\Controllers\Users->__construct()
#1 C:\xampp\htdocs\a-plus-buddy\vendor\codeigniter4\framework\system\CodeIgniter.php(393): CodeIgniter\CodeIgniter->createController()
#2 C:\xampp\htdocs\a-plus-buddy\vendor\codeigniter4\framework\system\CodeIgniter.php(306): CodeIgniter\CodeIgniter->handleRequest(NULL, Object(Config\Cache), false)
#3 C:\xampp\htdocs\a-plus-buddy\index.php(44): CodeIgniter\CodeIgniter->run()
#4 {main}
CRITICAL - 2021-04-22 11:29:58 --> Cannot call constructor
#0 C:\xampp\htdocs\a-plus-buddy\vendor\codeigniter4\framework\system\CodeIgniter.php(882): App\Controllers\Users->__construct()
#1 C:\xampp\htdocs\a-plus-buddy\vendor\codeigniter4\framework\system\CodeIgniter.php(393): CodeIgniter\CodeIgniter->createController()
#2 C:\xampp\htdocs\a-plus-buddy\vendor\codeigniter4\framework\system\CodeIgniter.php(306): CodeIgniter\CodeIgniter->handleRequest(NULL, Object(Config\Cache), false)
#3 C:\xampp\htdocs\a-plus-buddy\index.php(44): CodeIgniter\CodeIgniter->run()
#4 {main}
CRITICAL - 2021-04-22 11:39:49 --> Cannot call constructor
#0 C:\xampp\htdocs\a-plus-buddy\vendor\codeigniter4\framework\system\CodeIgniter.php(882): App\Controllers\Users->__construct()
#1 C:\xampp\htdocs\a-plus-buddy\vendor\codeigniter4\framework\system\CodeIgniter.php(393): CodeIgniter\CodeIgniter->createController()
#2 C:\xampp\htdocs\a-plus-buddy\vendor\codeigniter4\framework\system\CodeIgniter.php(306): CodeIgniter\CodeIgniter->handleRequest(NULL, Object(Config\Cache), false)
#3 C:\xampp\htdocs\a-plus-buddy\index.php(44): CodeIgniter\CodeIgniter->run()
#4 {main}
CRITICAL - 2021-04-22 11:42:07 --> Cannot call constructor
#0 C:\xampp\htdocs\a-plus-buddy\vendor\codeigniter4\framework\system\CodeIgniter.php(882): App\Controllers\Users->__construct()
#1 C:\xampp\htdocs\a-plus-buddy\vendor\codeigniter4\framework\system\CodeIgniter.php(393): CodeIgniter\CodeIgniter->createController()
#2 C:\xampp\htdocs\a-plus-buddy\vendor\codeigniter4\framework\system\CodeIgniter.php(306): CodeIgniter\CodeIgniter->handleRequest(NULL, Object(Config\Cache), false)
#3 C:\xampp\htdocs\a-plus-buddy\index.php(44): CodeIgniter\CodeIgniter->run()
#4 {main}
CRITICAL - 2021-04-22 11:42:08 --> Cannot call constructor
#0 C:\xampp\htdocs\a-plus-buddy\vendor\codeigniter4\framework\system\CodeIgniter.php(882): App\Controllers\Users->__construct()
#1 C:\xampp\htdocs\a-plus-buddy\vendor\codeigniter4\framework\system\CodeIgniter.php(393): CodeIgniter\CodeIgniter->createController()
#2 C:\xampp\htdocs\a-plus-buddy\vendor\codeigniter4\framework\system\CodeIgniter.php(306): CodeIgniter\CodeIgniter->handleRequest(NULL, Object(Config\Cache), false)
#3 C:\xampp\htdocs\a-plus-buddy\index.php(44): CodeIgniter\CodeIgniter->run()
#4 {main}
CRITICAL - 2021-04-22 11:42:08 --> Cannot call constructor
#0 C:\xampp\htdocs\a-plus-buddy\vendor\codeigniter4\framework\system\CodeIgniter.php(882): App\Controllers\Users->__construct()
#1 C:\xampp\htdocs\a-plus-buddy\vendor\codeigniter4\framework\system\CodeIgniter.php(393): CodeIgniter\CodeIgniter->createController()
#2 C:\xampp\htdocs\a-plus-buddy\vendor\codeigniter4\framework\system\CodeIgniter.php(306): CodeIgniter\CodeIgniter->handleRequest(NULL, Object(Config\Cache), false)
#3 C:\xampp\htdocs\a-plus-buddy\index.php(44): CodeIgniter\CodeIgniter->run()
#4 {main}
CRITICAL - 2021-04-22 11:42:09 --> Cannot call constructor
#0 C:\xampp\htdocs\a-plus-buddy\vendor\codeigniter4\framework\system\CodeIgniter.php(882): App\Controllers\Users->__construct()
#1 C:\xampp\htdocs\a-plus-buddy\vendor\codeigniter4\framework\system\CodeIgniter.php(393): CodeIgniter\CodeIgniter->createController()
#2 C:\xampp\htdocs\a-plus-buddy\vendor\codeigniter4\framework\system\CodeIgniter.php(306): CodeIgniter\CodeIgniter->handleRequest(NULL, Object(Config\Cache), false)
#3 C:\xampp\htdocs\a-plus-buddy\index.php(44): CodeIgniter\CodeIgniter->run()
#4 {main}
CRITICAL - 2021-04-22 11:42:09 --> Cannot call constructor
#0 C:\xampp\htdocs\a-plus-buddy\vendor\codeigniter4\framework\system\CodeIgniter.php(882): App\Controllers\Users->__construct()
#1 C:\xampp\htdocs\a-plus-buddy\vendor\codeigniter4\framework\system\CodeIgniter.php(393): CodeIgniter\CodeIgniter->createController()
#2 C:\xampp\htdocs\a-plus-buddy\vendor\codeigniter4\framework\system\CodeIgniter.php(306): CodeIgniter\CodeIgniter->handleRequest(NULL, Object(Config\Cache), false)
#3 C:\xampp\htdocs\a-plus-buddy\index.php(44): CodeIgniter\CodeIgniter->run()
#4 {main}
CRITICAL - 2021-04-22 11:42:09 --> Cannot call constructor
#0 C:\xampp\htdocs\a-plus-buddy\vendor\codeigniter4\framework\system\CodeIgniter.php(882): App\Controllers\Users->__construct()
#1 C:\xampp\htdocs\a-plus-buddy\vendor\codeigniter4\framework\system\CodeIgniter.php(393): CodeIgniter\CodeIgniter->createController()
#2 C:\xampp\htdocs\a-plus-buddy\vendor\codeigniter4\framework\system\CodeIgniter.php(306): CodeIgniter\CodeIgniter->handleRequest(NULL, Object(Config\Cache), false)
#3 C:\xampp\htdocs\a-plus-buddy\index.php(44): CodeIgniter\CodeIgniter->run()
#4 {main}
CRITICAL - 2021-04-22 11:42:09 --> Cannot call constructor
#0 C:\xampp\htdocs\a-plus-buddy\vendor\codeigniter4\framework\system\CodeIgniter.php(882): App\Controllers\Users->__construct()
#1 C:\xampp\htdocs\a-plus-buddy\vendor\codeigniter4\framework\system\CodeIgniter.php(393): CodeIgniter\CodeIgniter->createController()
#2 C:\xampp\htdocs\a-plus-buddy\vendor\codeigniter4\framework\system\CodeIgniter.php(306): CodeIgniter\CodeIgniter->handleRequest(NULL, Object(Config\Cache), false)
#3 C:\xampp\htdocs\a-plus-buddy\index.php(44): CodeIgniter\CodeIgniter->run()
#4 {main}
CRITICAL - 2021-04-22 11:42:09 --> Cannot call constructor
#0 C:\xampp\htdocs\a-plus-buddy\vendor\codeigniter4\framework\system\CodeIgniter.php(882): App\Controllers\Users->__construct()
#1 C:\xampp\htdocs\a-plus-buddy\vendor\codeigniter4\framework\system\CodeIgniter.php(393): CodeIgniter\CodeIgniter->createController()
#2 C:\xampp\htdocs\a-plus-buddy\vendor\codeigniter4\framework\system\CodeIgniter.php(306): CodeIgniter\CodeIgniter->handleRequest(NULL, Object(Config\Cache), false)
#3 C:\xampp\htdocs\a-plus-buddy\index.php(44): CodeIgniter\CodeIgniter->run()
#4 {main}
CRITICAL - 2021-04-22 11:42:10 --> Cannot call constructor
#0 C:\xampp\htdocs\a-plus-buddy\vendor\codeigniter4\framework\system\CodeIgniter.php(882): App\Controllers\Users->__construct()
#1 C:\xampp\htdocs\a-plus-buddy\vendor\codeigniter4\framework\system\CodeIgniter.php(393): CodeIgniter\CodeIgniter->createController()
#2 C:\xampp\htdocs\a-plus-buddy\vendor\codeigniter4\framework\system\CodeIgniter.php(306): CodeIgniter\CodeIgniter->handleRequest(NULL, Object(Config\Cache), false)
#3 C:\xampp\htdocs\a-plus-buddy\index.php(44): CodeIgniter\CodeIgniter->run()
#4 {main}
CRITICAL - 2021-04-22 11:42:30 --> Cannot call constructor
#0 C:\xampp\htdocs\a-plus-buddy\vendor\codeigniter4\framework\system\CodeIgniter.php(882): App\Controllers\Users->__construct()
#1 C:\xampp\htdocs\a-plus-buddy\vendor\codeigniter4\framework\system\CodeIgniter.php(393): CodeIgniter\CodeIgniter->createController()
#2 C:\xampp\htdocs\a-plus-buddy\vendor\codeigniter4\framework\system\CodeIgniter.php(306): CodeIgniter\CodeIgniter->handleRequest(NULL, Object(Config\Cache), false)
#3 C:\xampp\htdocs\a-plus-buddy\index.php(44): CodeIgniter\CodeIgniter->run()
#4 {main}
CRITICAL - 2021-04-22 11:42:31 --> Cannot call constructor
#0 C:\xampp\htdocs\a-plus-buddy\vendor\codeigniter4\framework\system\CodeIgniter.php(882): App\Controllers\Users->__construct()
#1 C:\xampp\htdocs\a-plus-buddy\vendor\codeigniter4\framework\system\CodeIgniter.php(393): CodeIgniter\CodeIgniter->createController()
#2 C:\xampp\htdocs\a-plus-buddy\vendor\codeigniter4\framework\system\CodeIgniter.php(306): CodeIgniter\CodeIgniter->handleRequest(NULL, Object(Config\Cache), false)
#3 C:\xampp\htdocs\a-plus-buddy\index.php(44): CodeIgniter\CodeIgniter->run()
#4 {main}
CRITICAL - 2021-04-22 11:42:32 --> Cannot call constructor
#0 C:\xampp\htdocs\a-plus-buddy\vendor\codeigniter4\framework\system\CodeIgniter.php(882): App\Controllers\Users->__construct()
#1 C:\xampp\htdocs\a-plus-buddy\vendor\codeigniter4\framework\system\CodeIgniter.php(393): CodeIgniter\CodeIgniter->createController()
#2 C:\xampp\htdocs\a-plus-buddy\vendor\codeigniter4\framework\system\CodeIgniter.php(306): CodeIgniter\CodeIgniter->handleRequest(NULL, Object(Config\Cache), false)
#3 C:\xampp\htdocs\a-plus-buddy\index.php(44): CodeIgniter\CodeIgniter->run()
#4 {main}
CRITICAL - 2021-04-22 11:42:32 --> Cannot call constructor
#0 C:\xampp\htdocs\a-plus-buddy\vendor\codeigniter4\framework\system\CodeIgniter.php(882): App\Controllers\Users->__construct()
#1 C:\xampp\htdocs\a-plus-buddy\vendor\codeigniter4\framework\system\CodeIgniter.php(393): CodeIgniter\CodeIgniter->createController()
#2 C:\xampp\htdocs\a-plus-buddy\vendor\codeigniter4\framework\system\CodeIgniter.php(306): CodeIgniter\CodeIgniter->handleRequest(NULL, Object(Config\Cache), false)
#3 C:\xampp\htdocs\a-plus-buddy\index.php(44): CodeIgniter\CodeIgniter->run()
#4 {main}
CRITICAL - 2021-04-22 11:42:32 --> Cannot call constructor
#0 C:\xampp\htdocs\a-plus-buddy\vendor\codeigniter4\framework\system\CodeIgniter.php(882): App\Controllers\Users->__construct()
#1 C:\xampp\htdocs\a-plus-buddy\vendor\codeigniter4\framework\system\CodeIgniter.php(393): CodeIgniter\CodeIgniter->createController()
#2 C:\xampp\htdocs\a-plus-buddy\vendor\codeigniter4\framework\system\CodeIgniter.php(306): CodeIgniter\CodeIgniter->handleRequest(NULL, Object(Config\Cache), false)
#3 C:\xampp\htdocs\a-plus-buddy\index.php(44): CodeIgniter\CodeIgniter->run()
#4 {main}
CRITICAL - 2021-04-22 11:42:33 --> Cannot call constructor
#0 C:\xampp\htdocs\a-plus-buddy\vendor\codeigniter4\framework\system\CodeIgniter.php(882): App\Controllers\Users->__construct()
#1 C:\xampp\htdocs\a-plus-buddy\vendor\codeigniter4\framework\system\CodeIgniter.php(393): CodeIgniter\CodeIgniter->createController()
#2 C:\xampp\htdocs\a-plus-buddy\vendor\codeigniter4\framework\system\CodeIgniter.php(306): CodeIgniter\CodeIgniter->handleRequest(NULL, Object(Config\Cache), false)
#3 C:\xampp\htdocs\a-plus-buddy\index.php(44): CodeIgniter\CodeIgniter->run()
#4 {main}
CRITICAL - 2021-04-22 11:42:33 --> Cannot call constructor
#0 C:\xampp\htdocs\a-plus-buddy\vendor\codeigniter4\framework\system\CodeIgniter.php(882): App\Controllers\Users->__construct()
#1 C:\xampp\htdocs\a-plus-buddy\vendor\codeigniter4\framework\system\CodeIgniter.php(393): CodeIgniter\CodeIgniter->createController()
#2 C:\xampp\htdocs\a-plus-buddy\vendor\codeigniter4\framework\system\CodeIgniter.php(306): CodeIgniter\CodeIgniter->handleRequest(NULL, Object(Config\Cache), false)
#3 C:\xampp\htdocs\a-plus-buddy\index.php(44): CodeIgniter\CodeIgniter->run()
#4 {main}
CRITICAL - 2021-04-22 11:42:33 --> Cannot call constructor
#0 C:\xampp\htdocs\a-plus-buddy\vendor\codeigniter4\framework\system\CodeIgniter.php(882): App\Controllers\Users->__construct()
#1 C:\xampp\htdocs\a-plus-buddy\vendor\codeigniter4\framework\system\CodeIgniter.php(393): CodeIgniter\CodeIgniter->createController()
#2 C:\xampp\htdocs\a-plus-buddy\vendor\codeigniter4\framework\system\CodeIgniter.php(306): CodeIgniter\CodeIgniter->handleRequest(NULL, Object(Config\Cache), false)
#3 C:\xampp\htdocs\a-plus-buddy\index.php(44): CodeIgniter\CodeIgniter->run()
#4 {main}
CRITICAL - 2021-04-22 11:42:33 --> Cannot call constructor
#0 C:\xampp\htdocs\a-plus-buddy\vendor\codeigniter4\framework\system\CodeIgniter.php(882): App\Controllers\Users->__construct()
#1 C:\xampp\htdocs\a-plus-buddy\vendor\codeigniter4\framework\system\CodeIgniter.php(393): CodeIgniter\CodeIgniter->createController()
#2 C:\xampp\htdocs\a-plus-buddy\vendor\codeigniter4\framework\system\CodeIgniter.php(306): CodeIgniter\CodeIgniter->handleRequest(NULL, Object(Config\Cache), false)
#3 C:\xampp\htdocs\a-plus-buddy\index.php(44): CodeIgniter\CodeIgniter->run()
#4 {main}
CRITICAL - 2021-04-22 11:42:34 --> Cannot call constructor
#0 C:\xampp\htdocs\a-plus-buddy\vendor\codeigniter4\framework\system\CodeIgniter.php(882): App\Controllers\Users->__construct()
#1 C:\xampp\htdocs\a-plus-buddy\vendor\codeigniter4\framework\system\CodeIgniter.php(393): CodeIgniter\CodeIgniter->createController()
#2 C:\xampp\htdocs\a-plus-buddy\vendor\codeigniter4\framework\system\CodeIgniter.php(306): CodeIgniter\CodeIgniter->handleRequest(NULL, Object(Config\Cache), false)
#3 C:\xampp\htdocs\a-plus-buddy\index.php(44): CodeIgniter\CodeIgniter->run()
#4 {main}
CRITICAL - 2021-04-22 11:42:36 --> Cannot call constructor
#0 C:\xampp\htdocs\a-plus-buddy\vendor\codeigniter4\framework\system\CodeIgniter.php(882): App\Controllers\Users->__construct()
#1 C:\xampp\htdocs\a-plus-buddy\vendor\codeigniter4\framework\system\CodeIgniter.php(393): CodeIgniter\CodeIgniter->createController()
#2 C:\xampp\htdocs\a-plus-buddy\vendor\codeigniter4\framework\system\CodeIgniter.php(306): CodeIgniter\CodeIgniter->handleRequest(NULL, Object(Config\Cache), false)
#3 C:\xampp\htdocs\a-plus-buddy\index.php(44): CodeIgniter\CodeIgniter->run()
#4 {main}
CRITICAL - 2021-04-22 11:42:37 --> Cannot call constructor
#0 C:\xampp\htdocs\a-plus-buddy\vendor\codeigniter4\framework\system\CodeIgniter.php(882): App\Controllers\Users->__construct()
#1 C:\xampp\htdocs\a-plus-buddy\vendor\codeigniter4\framework\system\CodeIgniter.php(393): CodeIgniter\CodeIgniter->createController()
#2 C:\xampp\htdocs\a-plus-buddy\vendor\codeigniter4\framework\system\CodeIgniter.php(306): CodeIgniter\CodeIgniter->handleRequest(NULL, Object(Config\Cache), false)
#3 C:\xampp\htdocs\a-plus-buddy\index.php(44): CodeIgniter\CodeIgniter->run()
#4 {main}
CRITICAL - 2021-04-22 11:43:25 --> Cannot call constructor
#0 C:\xampp\htdocs\a-plus-buddy\vendor\codeigniter4\framework\system\CodeIgniter.php(882): App\Controllers\Users->__construct()
#1 C:\xampp\htdocs\a-plus-buddy\vendor\codeigniter4\framework\system\CodeIgniter.php(393): CodeIgniter\CodeIgniter->createController()
#2 C:\xampp\htdocs\a-plus-buddy\vendor\codeigniter4\framework\system\CodeIgniter.php(306): CodeIgniter\CodeIgniter->handleRequest(NULL, Object(Config\Cache), false)
#3 C:\xampp\htdocs\a-plus-buddy\index.php(44): CodeIgniter\CodeIgniter->run()
#4 {main}
CRITICAL - 2021-04-22 11:43:26 --> Cannot call constructor
#0 C:\xampp\htdocs\a-plus-buddy\vendor\codeigniter4\framework\system\CodeIgniter.php(882): App\Controllers\Users->__construct()
#1 C:\xampp\htdocs\a-plus-buddy\vendor\codeigniter4\framework\system\CodeIgniter.php(393): CodeIgniter\CodeIgniter->createController()
#2 C:\xampp\htdocs\a-plus-buddy\vendor\codeigniter4\framework\system\CodeIgniter.php(306): CodeIgniter\CodeIgniter->handleRequest(NULL, Object(Config\Cache), false)
#3 C:\xampp\htdocs\a-plus-buddy\index.php(44): CodeIgniter\CodeIgniter->run()
#4 {main}
CRITICAL - 2021-04-22 11:43:26 --> Cannot call constructor
#0 C:\xampp\htdocs\a-plus-buddy\vendor\codeigniter4\framework\system\CodeIgniter.php(882): App\Controllers\Users->__construct()
#1 C:\xampp\htdocs\a-plus-buddy\vendor\codeigniter4\framework\system\CodeIgniter.php(393): CodeIgniter\CodeIgniter->createController()
#2 C:\xampp\htdocs\a-plus-buddy\vendor\codeigniter4\framework\system\CodeIgniter.php(306): CodeIgniter\CodeIgniter->handleRequest(NULL, Object(Config\Cache), false)
#3 C:\xampp\htdocs\a-plus-buddy\index.php(44): CodeIgniter\CodeIgniter->run()
#4 {main}
CRITICAL - 2021-04-22 11:43:26 --> Cannot call constructor
#0 C:\xampp\htdocs\a-plus-buddy\vendor\codeigniter4\framework\system\CodeIgniter.php(882): App\Controllers\Users->__construct()
#1 C:\xampp\htdocs\a-plus-buddy\vendor\codeigniter4\framework\system\CodeIgniter.php(393): CodeIgniter\CodeIgniter->createController()
#2 C:\xampp\htdocs\a-plus-buddy\vendor\codeigniter4\framework\system\CodeIgniter.php(306): CodeIgniter\CodeIgniter->handleRequest(NULL, Object(Config\Cache), false)
#3 C:\xampp\htdocs\a-plus-buddy\index.php(44): CodeIgniter\CodeIgniter->run()
#4 {main}
CRITICAL - 2021-04-22 11:43:27 --> Cannot call constructor
#0 C:\xampp\htdocs\a-plus-buddy\vendor\codeigniter4\framework\system\CodeIgniter.php(882): App\Controllers\Users->__construct()
#1 C:\xampp\htdocs\a-plus-buddy\vendor\codeigniter4\framework\system\CodeIgniter.php(393): CodeIgniter\CodeIgniter->createController()
#2 C:\xampp\htdocs\a-plus-buddy\vendor\codeigniter4\framework\system\CodeIgniter.php(306): CodeIgniter\CodeIgniter->handleRequest(NULL, Object(Config\Cache), false)
#3 C:\xampp\htdocs\a-plus-buddy\index.php(44): CodeIgniter\CodeIgniter->run()
#4 {main}
CRITICAL - 2021-04-22 11:43:27 --> Cannot call constructor
#0 C:\xampp\htdocs\a-plus-buddy\vendor\codeigniter4\framework\system\CodeIgniter.php(882): App\Controllers\Users->__construct()
#1 C:\xampp\htdocs\a-plus-buddy\vendor\codeigniter4\framework\system\CodeIgniter.php(393): CodeIgniter\CodeIgniter->createController()
#2 C:\xampp\htdocs\a-plus-buddy\vendor\codeigniter4\framework\system\CodeIgniter.php(306): CodeIgniter\CodeIgniter->handleRequest(NULL, Object(Config\Cache), false)
#3 C:\xampp\htdocs\a-plus-buddy\index.php(44): CodeIgniter\CodeIgniter->run()
#4 {main}
CRITICAL - 2021-04-22 11:43:27 --> Cannot call constructor
#0 C:\xampp\htdocs\a-plus-buddy\vendor\codeigniter4\framework\system\CodeIgniter.php(882): App\Controllers\Users->__construct()
#1 C:\xampp\htdocs\a-plus-buddy\vendor\codeigniter4\framework\system\CodeIgniter.php(393): CodeIgniter\CodeIgniter->createController()
#2 C:\xampp\htdocs\a-plus-buddy\vendor\codeigniter4\framework\system\CodeIgniter.php(306): CodeIgniter\CodeIgniter->handleRequest(NULL, Object(Config\Cache), false)
#3 C:\xampp\htdocs\a-plus-buddy\index.php(44): CodeIgniter\CodeIgniter->run()
#4 {main}
CRITICAL - 2021-04-22 11:43:59 --> Cannot call constructor
#0 C:\xampp\htdocs\a-plus-buddy\vendor\codeigniter4\framework\system\CodeIgniter.php(882): App\Controllers\Users->__construct()
#1 C:\xampp\htdocs\a-plus-buddy\vendor\codeigniter4\framework\system\CodeIgniter.php(393): CodeIgniter\CodeIgniter->createController()
#2 C:\xampp\htdocs\a-plus-buddy\vendor\codeigniter4\framework\system\CodeIgniter.php(306): CodeIgniter\CodeIgniter->handleRequest(NULL, Object(Config\Cache), false)
#3 C:\xampp\htdocs\a-plus-buddy\index.php(44): CodeIgniter\CodeIgniter->run()
#4 {main}
CRITICAL - 2021-04-22 11:44:00 --> Cannot call constructor
#0 C:\xampp\htdocs\a-plus-buddy\vendor\codeigniter4\framework\system\CodeIgniter.php(882): App\Controllers\Users->__construct()
#1 C:\xampp\htdocs\a-plus-buddy\vendor\codeigniter4\framework\system\CodeIgniter.php(393): CodeIgniter\CodeIgniter->createController()
#2 C:\xampp\htdocs\a-plus-buddy\vendor\codeigniter4\framework\system\CodeIgniter.php(306): CodeIgniter\CodeIgniter->handleRequest(NULL, Object(Config\Cache), false)
#3 C:\xampp\htdocs\a-plus-buddy\index.php(44): CodeIgniter\CodeIgniter->run()
#4 {main}
CRITICAL - 2021-04-22 11:45:45 --> Cannot call constructor
#0 C:\xampp\htdocs\a-plus-buddy\vendor\codeigniter4\framework\system\CodeIgniter.php(882): App\Controllers\Users->__construct()
#1 C:\xampp\htdocs\a-plus-buddy\vendor\codeigniter4\framework\system\CodeIgniter.php(393): CodeIgniter\CodeIgniter->createController()
#2 C:\xampp\htdocs\a-plus-buddy\vendor\codeigniter4\framework\system\CodeIgniter.php(306): CodeIgniter\CodeIgniter->handleRequest(NULL, Object(Config\Cache), false)
#3 C:\xampp\htdocs\a-plus-buddy\index.php(44): CodeIgniter\CodeIgniter->run()
#4 {main}
CRITICAL - 2021-04-22 11:45:46 --> Cannot call constructor
#0 C:\xampp\htdocs\a-plus-buddy\vendor\codeigniter4\framework\system\CodeIgniter.php(882): App\Controllers\Users->__construct()
#1 C:\xampp\htdocs\a-plus-buddy\vendor\codeigniter4\framework\system\CodeIgniter.php(393): CodeIgniter\CodeIgniter->createController()
#2 C:\xampp\htdocs\a-plus-buddy\vendor\codeigniter4\framework\system\CodeIgniter.php(306): CodeIgniter\CodeIgniter->handleRequest(NULL, Object(Config\Cache), false)
#3 C:\xampp\htdocs\a-plus-buddy\index.php(44): CodeIgniter\CodeIgniter->run()
#4 {main}
CRITICAL - 2021-04-22 11:46:26 --> Cannot call constructor
#0 C:\xampp\htdocs\a-plus-buddy\vendor\codeigniter4\framework\system\CodeIgniter.php(882): App\Controllers\Users->__construct()
#1 C:\xampp\htdocs\a-plus-buddy\vendor\codeigniter4\framework\system\CodeIgniter.php(393): CodeIgniter\CodeIgniter->createController()
#2 C:\xampp\htdocs\a-plus-buddy\vendor\codeigniter4\framework\system\CodeIgniter.php(306): CodeIgniter\CodeIgniter->handleRequest(NULL, Object(Config\Cache), false)
#3 C:\xampp\htdocs\a-plus-buddy\index.php(44): CodeIgniter\CodeIgniter->run()
#4 {main}
CRITICAL - 2021-04-22 11:46:26 --> Cannot call constructor
#0 C:\xampp\htdocs\a-plus-buddy\vendor\codeigniter4\framework\system\CodeIgniter.php(882): App\Controllers\Users->__construct()
#1 C:\xampp\htdocs\a-plus-buddy\vendor\codeigniter4\framework\system\CodeIgniter.php(393): CodeIgniter\CodeIgniter->createController()
#2 C:\xampp\htdocs\a-plus-buddy\vendor\codeigniter4\framework\system\CodeIgniter.php(306): CodeIgniter\CodeIgniter->handleRequest(NULL, Object(Config\Cache), false)
#3 C:\xampp\htdocs\a-plus-buddy\index.php(44): CodeIgniter\CodeIgniter->run()
#4 {main}
CRITICAL - 2021-04-22 11:46:27 --> Cannot call constructor
#0 C:\xampp\htdocs\a-plus-buddy\vendor\codeigniter4\framework\system\CodeIgniter.php(882): App\Controllers\Users->__construct()
#1 C:\xampp\htdocs\a-plus-buddy\vendor\codeigniter4\framework\system\CodeIgniter.php(393): CodeIgniter\CodeIgniter->createController()
#2 C:\xampp\htdocs\a-plus-buddy\vendor\codeigniter4\framework\system\CodeIgniter.php(306): CodeIgniter\CodeIgniter->handleRequest(NULL, Object(Config\Cache), false)
#3 C:\xampp\htdocs\a-plus-buddy\index.php(44): CodeIgniter\CodeIgniter->run()
#4 {main}
CRITICAL - 2021-04-22 11:46:27 --> Cannot call constructor
#0 C:\xampp\htdocs\a-plus-buddy\vendor\codeigniter4\framework\system\CodeIgniter.php(882): App\Controllers\Users->__construct()
#1 C:\xampp\htdocs\a-plus-buddy\vendor\codeigniter4\framework\system\CodeIgniter.php(393): CodeIgniter\CodeIgniter->createController()
#2 C:\xampp\htdocs\a-plus-buddy\vendor\codeigniter4\framework\system\CodeIgniter.php(306): CodeIgniter\CodeIgniter->handleRequest(NULL, Object(Config\Cache), false)
#3 C:\xampp\htdocs\a-plus-buddy\index.php(44): CodeIgniter\CodeIgniter->run()
#4 {main}
CRITICAL - 2021-04-22 11:46:58 --> Cannot call constructor
#0 C:\xampp\htdocs\a-plus-buddy\vendor\codeigniter4\framework\system\CodeIgniter.php(882): App\Controllers\Users->__construct()
#1 C:\xampp\htdocs\a-plus-buddy\vendor\codeigniter4\framework\system\CodeIgniter.php(393): CodeIgniter\CodeIgniter->createController()
#2 C:\xampp\htdocs\a-plus-buddy\vendor\codeigniter4\framework\system\CodeIgniter.php(306): CodeIgniter\CodeIgniter->handleRequest(NULL, Object(Config\Cache), false)
#3 C:\xampp\htdocs\a-plus-buddy\index.php(44): CodeIgniter\CodeIgniter->run()
#4 {main}
CRITICAL - 2021-04-22 11:46:59 --> Cannot call constructor
#0 C:\xampp\htdocs\a-plus-buddy\vendor\codeigniter4\framework\system\CodeIgniter.php(882): App\Controllers\Users->__construct()
#1 C:\xampp\htdocs\a-plus-buddy\vendor\codeigniter4\framework\system\CodeIgniter.php(393): CodeIgniter\CodeIgniter->createController()
#2 C:\xampp\htdocs\a-plus-buddy\vendor\codeigniter4\framework\system\CodeIgniter.php(306): CodeIgniter\CodeIgniter->handleRequest(NULL, Object(Config\Cache), false)
#3 C:\xampp\htdocs\a-plus-buddy\index.php(44): CodeIgniter\CodeIgniter->run()
#4 {main}
CRITICAL - 2021-04-22 11:50:18 --> Cannot call constructor
#0 C:\xampp\htdocs\a-plus-buddy\vendor\codeigniter4\framework\system\CodeIgniter.php(882): App\Controllers\Users->__construct()
#1 C:\xampp\htdocs\a-plus-buddy\vendor\codeigniter4\framework\system\CodeIgniter.php(393): CodeIgniter\CodeIgniter->createController()
#2 C:\xampp\htdocs\a-plus-buddy\vendor\codeigniter4\framework\system\CodeIgniter.php(306): CodeIgniter\CodeIgniter->handleRequest(NULL, Object(Config\Cache), false)
#3 C:\xampp\htdocs\a-plus-buddy\index.php(44): CodeIgniter\CodeIgniter->run()
#4 {main}
CRITICAL - 2021-04-22 11:50:18 --> Cannot call constructor
#0 C:\xampp\htdocs\a-plus-buddy\vendor\codeigniter4\framework\system\CodeIgniter.php(882): App\Controllers\Users->__construct()
#1 C:\xampp\htdocs\a-plus-buddy\vendor\codeigniter4\framework\system\CodeIgniter.php(393): CodeIgniter\CodeIgniter->createController()
#2 C:\xampp\htdocs\a-plus-buddy\vendor\codeigniter4\framework\system\CodeIgniter.php(306): CodeIgniter\CodeIgniter->handleRequest(NULL, Object(Config\Cache), false)
#3 C:\xampp\htdocs\a-plus-buddy\index.php(44): CodeIgniter\CodeIgniter->run()
#4 {main}
CRITICAL - 2021-04-22 11:50:19 --> Cannot call constructor
#0 C:\xampp\htdocs\a-plus-buddy\vendor\codeigniter4\framework\system\CodeIgniter.php(882): App\Controllers\Users->__construct()
#1 C:\xampp\htdocs\a-plus-buddy\vendor\codeigniter4\framework\system\CodeIgniter.php(393): CodeIgniter\CodeIgniter->createController()
#2 C:\xampp\htdocs\a-plus-buddy\vendor\codeigniter4\framework\system\CodeIgniter.php(306): CodeIgniter\CodeIgniter->handleRequest(NULL, Object(Config\Cache), false)
#3 C:\xampp\htdocs\a-plus-buddy\index.php(44): CodeIgniter\CodeIgniter->run()
#4 {main}
CRITICAL - 2021-04-22 11:50:19 --> Cannot call constructor
#0 C:\xampp\htdocs\a-plus-buddy\vendor\codeigniter4\framework\system\CodeIgniter.php(882): App\Controllers\Users->__construct()
#1 C:\xampp\htdocs\a-plus-buddy\vendor\codeigniter4\framework\system\CodeIgniter.php(393): CodeIgniter\CodeIgniter->createController()
#2 C:\xampp\htdocs\a-plus-buddy\vendor\codeigniter4\framework\system\CodeIgniter.php(306): CodeIgniter\CodeIgniter->handleRequest(NULL, Object(Config\Cache), false)
#3 C:\xampp\htdocs\a-plus-buddy\index.php(44): CodeIgniter\CodeIgniter->run()
#4 {main}
CRITICAL - 2021-04-22 11:50:19 --> Cannot call constructor
#0 C:\xampp\htdocs\a-plus-buddy\vendor\codeigniter4\framework\system\CodeIgniter.php(882): App\Controllers\Users->__construct()
#1 C:\xampp\htdocs\a-plus-buddy\vendor\codeigniter4\framework\system\CodeIgniter.php(393): CodeIgniter\CodeIgniter->createController()
#2 C:\xampp\htdocs\a-plus-buddy\vendor\codeigniter4\framework\system\CodeIgniter.php(306): CodeIgniter\CodeIgniter->handleRequest(NULL, Object(Config\Cache), false)
#3 C:\xampp\htdocs\a-plus-buddy\index.php(44): CodeIgniter\CodeIgniter->run()
#4 {main}
CRITICAL - 2021-04-22 11:50:19 --> Cannot call constructor
#0 C:\xampp\htdocs\a-plus-buddy\vendor\codeigniter4\framework\system\CodeIgniter.php(882): App\Controllers\Users->__construct()
#1 C:\xampp\htdocs\a-plus-buddy\vendor\codeigniter4\framework\system\CodeIgniter.php(393): CodeIgniter\CodeIgniter->createController()
#2 C:\xampp\htdocs\a-plus-buddy\vendor\codeigniter4\framework\system\CodeIgniter.php(306): CodeIgniter\CodeIgniter->handleRequest(NULL, Object(Config\Cache), false)
#3 C:\xampp\htdocs\a-plus-buddy\index.php(44): CodeIgniter\CodeIgniter->run()
#4 {main}
CRITICAL - 2021-04-22 11:50:20 --> Cannot call constructor
#0 C:\xampp\htdocs\a-plus-buddy\vendor\codeigniter4\framework\system\CodeIgniter.php(882): App\Controllers\Users->__construct()
#1 C:\xampp\htdocs\a-plus-buddy\vendor\codeigniter4\framework\system\CodeIgniter.php(393): CodeIgniter\CodeIgniter->createController()
#2 C:\xampp\htdocs\a-plus-buddy\vendor\codeigniter4\framework\system\CodeIgniter.php(306): CodeIgniter\CodeIgniter->handleRequest(NULL, Object(Config\Cache), false)
#3 C:\xampp\htdocs\a-plus-buddy\index.php(44): CodeIgniter\CodeIgniter->run()
#4 {main}
CRITICAL - 2021-04-22 11:52:13 --> Function name must be a string
#0 C:\xampp\htdocs\a-plus-buddy\vendor\codeigniter4\framework\system\CodeIgniter.php(910): App\Controllers\Users->index()
#1 C:\xampp\htdocs\a-plus-buddy\vendor\codeigniter4\framework\system\CodeIgniter.php(398): CodeIgniter\CodeIgniter->runController(Object(App\Controllers\Users))
#2 C:\xampp\htdocs\a-plus-buddy\vendor\codeigniter4\framework\system\CodeIgniter.php(306): CodeIgniter\CodeIgniter->handleRequest(NULL, Object(Config\Cache), false)
#3 C:\xampp\htdocs\a-plus-buddy\index.php(44): CodeIgniter\CodeIgniter->run()
#4 {main}
CRITICAL - 2021-04-22 11:52:13 --> Function name must be a string
#0 C:\xampp\htdocs\a-plus-buddy\vendor\codeigniter4\framework\system\CodeIgniter.php(910): App\Controllers\Users->index()
#1 C:\xampp\htdocs\a-plus-buddy\vendor\codeigniter4\framework\system\CodeIgniter.php(398): CodeIgniter\CodeIgniter->runController(Object(App\Controllers\Users))
#2 C:\xampp\htdocs\a-plus-buddy\vendor\codeigniter4\framework\system\CodeIgniter.php(306): CodeIgniter\CodeIgniter->handleRequest(NULL, Object(Config\Cache), false)
#3 C:\xampp\htdocs\a-plus-buddy\index.php(44): CodeIgniter\CodeIgniter->run()
#4 {main}
CRITICAL - 2021-04-22 11:52:14 --> Function name must be a string
#0 C:\xampp\htdocs\a-plus-buddy\vendor\codeigniter4\framework\system\CodeIgniter.php(910): App\Controllers\Users->index()
#1 C:\xampp\htdocs\a-plus-buddy\vendor\codeigniter4\framework\system\CodeIgniter.php(398): CodeIgniter\CodeIgniter->runController(Object(App\Controllers\Users))
#2 C:\xampp\htdocs\a-plus-buddy\vendor\codeigniter4\framework\system\CodeIgniter.php(306): CodeIgniter\CodeIgniter->handleRequest(NULL, Object(Config\Cache), false)
#3 C:\xampp\htdocs\a-plus-buddy\index.php(44): CodeIgniter\CodeIgniter->run()
#4 {main}
CRITICAL - 2021-04-22 11:54:34 --> Cannot call constructor
#0 C:\xampp\htdocs\a-plus-buddy\vendor\codeigniter4\framework\system\CodeIgniter.php(882): App\Controllers\Users->__construct()
#1 C:\xampp\htdocs\a-plus-buddy\vendor\codeigniter4\framework\system\CodeIgniter.php(393): CodeIgniter\CodeIgniter->createController()
#2 C:\xampp\htdocs\a-plus-buddy\vendor\codeigniter4\framework\system\CodeIgniter.php(306): CodeIgniter\CodeIgniter->handleRequest(NULL, Object(Config\Cache), false)
#3 C:\xampp\htdocs\a-plus-buddy\index.php(44): CodeIgniter\CodeIgniter->run()
#4 {main}
CRITICAL - 2021-04-22 11:54:34 --> Cannot call constructor
#0 C:\xampp\htdocs\a-plus-buddy\vendor\codeigniter4\framework\system\CodeIgniter.php(882): App\Controllers\Users->__construct()
#1 C:\xampp\htdocs\a-plus-buddy\vendor\codeigniter4\framework\system\CodeIgniter.php(393): CodeIgniter\CodeIgniter->createController()
#2 C:\xampp\htdocs\a-plus-buddy\vendor\codeigniter4\framework\system\CodeIgniter.php(306): CodeIgniter\CodeIgniter->handleRequest(NULL, Object(Config\Cache), false)
#3 C:\xampp\htdocs\a-plus-buddy\index.php(44): CodeIgniter\CodeIgniter->run()
#4 {main}
CRITICAL - 2021-04-22 11:54:43 --> Cannot call constructor
#0 C:\xampp\htdocs\a-plus-buddy\vendor\codeigniter4\framework\system\CodeIgniter.php(882): App\Controllers\Users->__construct()
#1 C:\xampp\htdocs\a-plus-buddy\vendor\codeigniter4\framework\system\CodeIgniter.php(393): CodeIgniter\CodeIgniter->createController()
#2 C:\xampp\htdocs\a-plus-buddy\vendor\codeigniter4\framework\system\CodeIgniter.php(306): CodeIgniter\CodeIgniter->handleRequest(NULL, Object(Config\Cache), false)
#3 C:\xampp\htdocs\a-plus-buddy\index.php(44): CodeIgniter\CodeIgniter->run()
#4 {main}
CRITICAL - 2021-04-22 11:54:44 --> Cannot call constructor
#0 C:\xampp\htdocs\a-plus-buddy\vendor\codeigniter4\framework\system\CodeIgniter.php(882): App\Controllers\Users->__construct()
#1 C:\xampp\htdocs\a-plus-buddy\vendor\codeigniter4\framework\system\CodeIgniter.php(393): CodeIgniter\CodeIgniter->createController()
#2 C:\xampp\htdocs\a-plus-buddy\vendor\codeigniter4\framework\system\CodeIgniter.php(306): CodeIgniter\CodeIgniter->handleRequest(NULL, Object(Config\Cache), false)
#3 C:\xampp\htdocs\a-plus-buddy\index.php(44): CodeIgniter\CodeIgniter->run()
#4 {main}
CRITICAL - 2021-04-22 11:54:52 --> Cannot call constructor
#0 C:\xampp\htdocs\a-plus-buddy\vendor\codeigniter4\framework\system\CodeIgniter.php(882): App\Controllers\Users->__construct()
#1 C:\xampp\htdocs\a-plus-buddy\vendor\codeigniter4\framework\system\CodeIgniter.php(393): CodeIgniter\CodeIgniter->createController()
#2 C:\xampp\htdocs\a-plus-buddy\vendor\codeigniter4\framework\system\CodeIgniter.php(306): CodeIgniter\CodeIgniter->handleRequest(NULL, Object(Config\Cache), false)
#3 C:\xampp\htdocs\a-plus-buddy\index.php(44): CodeIgniter\CodeIgniter->run()
#4 {main}
CRITICAL - 2021-04-22 11:55:16 --> Cannot call constructor
#0 C:\xampp\htdocs\a-plus-buddy\vendor\codeigniter4\framework\system\CodeIgniter.php(882): App\Controllers\Users->__construct()
#1 C:\xampp\htdocs\a-plus-buddy\vendor\codeigniter4\framework\system\CodeIgniter.php(393): CodeIgniter\CodeIgniter->createController()
#2 C:\xampp\htdocs\a-plus-buddy\vendor\codeigniter4\framework\system\CodeIgniter.php(306): CodeIgniter\CodeIgniter->handleRequest(NULL, Object(Config\Cache), false)
#3 C:\xampp\htdocs\a-plus-buddy\index.php(44): CodeIgniter\CodeIgniter->run()
#4 {main}
CRITICAL - 2021-04-22 11:55:16 --> Cannot call constructor
#0 C:\xampp\htdocs\a-plus-buddy\vendor\codeigniter4\framework\system\CodeIgniter.php(882): App\Controllers\Users->__construct()
#1 C:\xampp\htdocs\a-plus-buddy\vendor\codeigniter4\framework\system\CodeIgniter.php(393): CodeIgniter\CodeIgniter->createController()
#2 C:\xampp\htdocs\a-plus-buddy\vendor\codeigniter4\framework\system\CodeIgniter.php(306): CodeIgniter\CodeIgniter->handleRequest(NULL, Object(Config\Cache), false)
#3 C:\xampp\htdocs\a-plus-buddy\index.php(44): CodeIgniter\CodeIgniter->run()
#4 {main}
CRITICAL - 2021-04-22 11:55:17 --> Cannot call constructor
#0 C:\xampp\htdocs\a-plus-buddy\vendor\codeigniter4\framework\system\CodeIgniter.php(882): App\Controllers\Users->__construct()
#1 C:\xampp\htdocs\a-plus-buddy\vendor\codeigniter4\framework\system\CodeIgniter.php(393): CodeIgniter\CodeIgniter->createController()
#2 C:\xampp\htdocs\a-plus-buddy\vendor\codeigniter4\framework\system\CodeIgniter.php(306): CodeIgniter\CodeIgniter->handleRequest(NULL, Object(Config\Cache), false)
#3 C:\xampp\htdocs\a-plus-buddy\index.php(44): CodeIgniter\CodeIgniter->run()
#4 {main}
CRITICAL - 2021-04-22 11:55:17 --> Cannot call constructor
#0 C:\xampp\htdocs\a-plus-buddy\vendor\codeigniter4\framework\system\CodeIgniter.php(882): App\Controllers\Users->__construct()
#1 C:\xampp\htdocs\a-plus-buddy\vendor\codeigniter4\framework\system\CodeIgniter.php(393): CodeIgniter\CodeIgniter->createController()
#2 C:\xampp\htdocs\a-plus-buddy\vendor\codeigniter4\framework\system\CodeIgniter.php(306): CodeIgniter\CodeIgniter->handleRequest(NULL, Object(Config\Cache), false)
#3 C:\xampp\htdocs\a-plus-buddy\index.php(44): CodeIgniter\CodeIgniter->run()
#4 {main}
CRITICAL - 2021-04-22 11:55:17 --> Cannot call constructor
#0 C:\xampp\htdocs\a-plus-buddy\vendor\codeigniter4\framework\system\CodeIgniter.php(882): App\Controllers\Users->__construct()
#1 C:\xampp\htdocs\a-plus-buddy\vendor\codeigniter4\framework\system\CodeIgniter.php(393): CodeIgniter\CodeIgniter->createController()
#2 C:\xampp\htdocs\a-plus-buddy\vendor\codeigniter4\framework\system\CodeIgniter.php(306): CodeIgniter\CodeIgniter->handleRequest(NULL, Object(Config\Cache), false)
#3 C:\xampp\htdocs\a-plus-buddy\index.php(44): CodeIgniter\CodeIgniter->run()
#4 {main}
CRITICAL - 2021-04-22 11:55:17 --> Cannot call constructor
#0 C:\xampp\htdocs\a-plus-buddy\vendor\codeigniter4\framework\system\CodeIgniter.php(882): App\Controllers\Users->__construct()
#1 C:\xampp\htdocs\a-plus-buddy\vendor\codeigniter4\framework\system\CodeIgniter.php(393): CodeIgniter\CodeIgniter->createController()
#2 C:\xampp\htdocs\a-plus-buddy\vendor\codeigniter4\framework\system\CodeIgniter.php(306): CodeIgniter\CodeIgniter->handleRequest(NULL, Object(Config\Cache), false)
#3 C:\xampp\htdocs\a-plus-buddy\index.php(44): CodeIgniter\CodeIgniter->run()
#4 {main}
CRITICAL - 2021-04-22 11:57:05 --> Cannot call constructor
#0 C:\xampp\htdocs\a-plus-buddy\vendor\codeigniter4\framework\system\CodeIgniter.php(882): App\Controllers\Users->__construct()
#1 C:\xampp\htdocs\a-plus-buddy\vendor\codeigniter4\framework\system\CodeIgniter.php(393): CodeIgniter\CodeIgniter->createController()
#2 C:\xampp\htdocs\a-plus-buddy\vendor\codeigniter4\framework\system\CodeIgniter.php(306): CodeIgniter\CodeIgniter->handleRequest(NULL, Object(Config\Cache), false)
#3 C:\xampp\htdocs\a-plus-buddy\index.php(44): CodeIgniter\CodeIgniter->run()
#4 {main}
CRITICAL - 2021-04-22 11:57:06 --> Cannot call constructor
#0 C:\xampp\htdocs\a-plus-buddy\vendor\codeigniter4\framework\system\CodeIgniter.php(882): App\Controllers\Users->__construct()
#1 C:\xampp\htdocs\a-plus-buddy\vendor\codeigniter4\framework\system\CodeIgniter.php(393): CodeIgniter\CodeIgniter->createController()
#2 C:\xampp\htdocs\a-plus-buddy\vendor\codeigniter4\framework\system\CodeIgniter.php(306): CodeIgniter\CodeIgniter->handleRequest(NULL, Object(Config\Cache), false)
#3 C:\xampp\htdocs\a-plus-buddy\index.php(44): CodeIgniter\CodeIgniter->run()
#4 {main}
CRITICAL - 2021-04-22 11:57:49 --> Cannot call constructor
#0 C:\xampp\htdocs\a-plus-buddy\vendor\codeigniter4\framework\system\CodeIgniter.php(882): App\Controllers\Users->__construct()
#1 C:\xampp\htdocs\a-plus-buddy\vendor\codeigniter4\framework\system\CodeIgniter.php(393): CodeIgniter\CodeIgniter->createController()
#2 C:\xampp\htdocs\a-plus-buddy\vendor\codeigniter4\framework\system\CodeIgniter.php(306): CodeIgniter\CodeIgniter->handleRequest(NULL, Object(Config\Cache), false)
#3 C:\xampp\htdocs\a-plus-buddy\index.php(44): CodeIgniter\CodeIgniter->run()
#4 {main}
CRITICAL - 2021-04-22 11:57:50 --> Cannot call constructor
#0 C:\xampp\htdocs\a-plus-buddy\vendor\codeigniter4\framework\system\CodeIgniter.php(882): App\Controllers\Users->__construct()
#1 C:\xampp\htdocs\a-plus-buddy\vendor\codeigniter4\framework\system\CodeIgniter.php(393): CodeIgniter\CodeIgniter->createController()
#2 C:\xampp\htdocs\a-plus-buddy\vendor\codeigniter4\framework\system\CodeIgniter.php(306): CodeIgniter\CodeIgniter->handleRequest(NULL, Object(Config\Cache), false)
#3 C:\xampp\htdocs\a-plus-buddy\index.php(44): CodeIgniter\CodeIgniter->run()
#4 {main}
CRITICAL - 2021-04-22 11:57:50 --> Cannot call constructor
#0 C:\xampp\htdocs\a-plus-buddy\vendor\codeigniter4\framework\system\CodeIgniter.php(882): App\Controllers\Users->__construct()
#1 C:\xampp\htdocs\a-plus-buddy\vendor\codeigniter4\framework\system\CodeIgniter.php(393): CodeIgniter\CodeIgniter->createController()
#2 C:\xampp\htdocs\a-plus-buddy\vendor\codeigniter4\framework\system\CodeIgniter.php(306): CodeIgniter\CodeIgniter->handleRequest(NULL, Object(Config\Cache), false)
#3 C:\xampp\htdocs\a-plus-buddy\index.php(44): CodeIgniter\CodeIgniter->run()
#4 {main}
CRITICAL - 2021-04-22 11:59:08 --> Cannot call constructor
#0 C:\xampp\htdocs\a-plus-buddy\vendor\codeigniter4\framework\system\CodeIgniter.php(882): App\Controllers\Users->__construct()
#1 C:\xampp\htdocs\a-plus-buddy\vendor\codeigniter4\framework\system\CodeIgniter.php(393): CodeIgniter\CodeIgniter->createController()
#2 C:\xampp\htdocs\a-plus-buddy\vendor\codeigniter4\framework\system\CodeIgniter.php(306): CodeIgniter\CodeIgniter->handleRequest(NULL, Object(Config\Cache), false)
#3 C:\xampp\htdocs\a-plus-buddy\index.php(44): CodeIgniter\CodeIgniter->run()
#4 {main}
CRITICAL - 2021-04-22 12:01:29 --> Call to a member function item() on null
#0 C:\xampp\htdocs\a-plus-buddy\vendor\codeigniter4\framework\system\CodeIgniter.php(910): App\Controllers\Users->index()
#1 C:\xampp\htdocs\a-plus-buddy\vendor\codeigniter4\framework\system\CodeIgniter.php(398): CodeIgniter\CodeIgniter->runController(Object(App\Controllers\Users))
#2 C:\xampp\htdocs\a-plus-buddy\vendor\codeigniter4\framework\system\CodeIgniter.php(306): CodeIgniter\CodeIgniter->handleRequest(NULL, Object(Config\Cache), false)
#3 C:\xampp\htdocs\a-plus-buddy\index.php(44): CodeIgniter\CodeIgniter->run()
#4 {main}
CRITICAL - 2021-04-22 12:01:29 --> Call to a member function item() on null
#0 C:\xampp\htdocs\a-plus-buddy\vendor\codeigniter4\framework\system\CodeIgniter.php(910): App\Controllers\Users->index()
#1 C:\xampp\htdocs\a-plus-buddy\vendor\codeigniter4\framework\system\CodeIgniter.php(398): CodeIgniter\CodeIgniter->runController(Object(App\Controllers\Users))
#2 C:\xampp\htdocs\a-plus-buddy\vendor\codeigniter4\framework\system\CodeIgniter.php(306): CodeIgniter\CodeIgniter->handleRequest(NULL, Object(Config\Cache), false)
#3 C:\xampp\htdocs\a-plus-buddy\index.php(44): CodeIgniter\CodeIgniter->run()
#4 {main}
CRITICAL - 2021-04-22 12:01:30 --> Call to a member function item() on null
#0 C:\xampp\htdocs\a-plus-buddy\vendor\codeigniter4\framework\system\CodeIgniter.php(910): App\Controllers\Users->index()
#1 C:\xampp\htdocs\a-plus-buddy\vendor\codeigniter4\framework\system\CodeIgniter.php(398): CodeIgniter\CodeIgniter->runController(Object(App\Controllers\Users))
#2 C:\xampp\htdocs\a-plus-buddy\vendor\codeigniter4\framework\system\CodeIgniter.php(306): CodeIgniter\CodeIgniter->handleRequest(NULL, Object(Config\Cache), false)
#3 C:\xampp\htdocs\a-plus-buddy\index.php(44): CodeIgniter\CodeIgniter->run()
#4 {main}
CRITICAL - 2021-04-22 12:27:45 --> Class 'App\Controllers\Params' not found
#0 C:\xampp\htdocs\a-plus-buddy\vendor\codeigniter4\framework\system\CodeIgniter.php(882): App\Controllers\Users->__construct()
#1 C:\xampp\htdocs\a-plus-buddy\vendor\codeigniter4\framework\system\CodeIgniter.php(393): CodeIgniter\CodeIgniter->createController()
#2 C:\xampp\htdocs\a-plus-buddy\vendor\codeigniter4\framework\system\CodeIgniter.php(306): CodeIgniter\CodeIgniter->handleRequest(NULL, Object(Config\Cache), false)
#3 C:\xampp\htdocs\a-plus-buddy\index.php(44): CodeIgniter\CodeIgniter->run()
#4 {main}
CRITICAL - 2021-04-22 12:46:11 --> Argument 2 passed to view() must be of the type array, null given, called in C:\xampp\htdocs\a-plus-buddy\app\Controllers\Home.php on line 7
#0 C:\xampp\htdocs\a-plus-buddy\app\Controllers\Home.php(7): view('templates/heade...', NULL)
#1 C:\xampp\htdocs\a-plus-buddy\vendor\codeigniter4\framework\system\CodeIgniter.php(910): App\Controllers\Home->index()
#2 C:\xampp\htdocs\a-plus-buddy\vendor\codeigniter4\framework\system\CodeIgniter.php(398): CodeIgniter\CodeIgniter->runController(Object(App\Controllers\Home))
#3 C:\xampp\htdocs\a-plus-buddy\vendor\codeigniter4\framework\system\CodeIgniter.php(306): CodeIgniter\CodeIgniter->handleRequest(NULL, Object(Config\Cache), false)
#4 C:\xampp\htdocs\a-plus-buddy\index.php(44): CodeIgniter\CodeIgniter->run()
#5 {main}
CRITICAL - 2021-04-22 12:46:15 --> Argument 2 passed to view() must be of the type array, null given, called in C:\xampp\htdocs\a-plus-buddy\app\Controllers\Home.php on line 7
#0 C:\xampp\htdocs\a-plus-buddy\app\Controllers\Home.php(7): view('templates/heade...', NULL)
#1 C:\xampp\htdocs\a-plus-buddy\vendor\codeigniter4\framework\system\CodeIgniter.php(910): App\Controllers\Home->index()
#2 C:\xampp\htdocs\a-plus-buddy\vendor\codeigniter4\framework\system\CodeIgniter.php(398): CodeIgniter\CodeIgniter->runController(Object(App\Controllers\Home))
#3 C:\xampp\htdocs\a-plus-buddy\vendor\codeigniter4\framework\system\CodeIgniter.php(306): CodeIgniter\CodeIgniter->handleRequest(NULL, Object(Config\Cache), false)
#4 C:\xampp\htdocs\a-plus-buddy\index.php(44): CodeIgniter\CodeIgniter->run()
#5 {main}
CRITICAL - 2021-04-22 13:37:16 --> Cannot access protected property CodeIgniter\HTTP\URI::$segments
#0 C:\xampp\htdocs\a-plus-buddy\vendor\codeigniter4\framework\system\View\View.php(236): include()
#1 C:\xampp\htdocs\a-plus-buddy\vendor\codeigniter4\framework\system\Common.php(1071): CodeIgniter\View\View->render('templates/heade...', Array, true)
#2 C:\xampp\htdocs\a-plus-buddy\app\Controllers\Users.php(151): view('templates/heade...', Array)
#3 C:\xampp\htdocs\a-plus-buddy\vendor\codeigniter4\framework\system\CodeIgniter.php(910): App\Controllers\Users->profile()
#4 C:\xampp\htdocs\a-plus-buddy\vendor\codeigniter4\framework\system\CodeIgniter.php(398): CodeIgniter\CodeIgniter->runController(Object(App\Controllers\Users))
#5 C:\xampp\htdocs\a-plus-buddy\vendor\codeigniter4\framework\system\CodeIgniter.php(306): CodeIgniter\CodeIgniter->handleRequest(NULL, Object(Config\Cache), false)
#6 C:\xampp\htdocs\a-plus-buddy\index.php(44): CodeIgniter\CodeIgniter->run()
#7 {main}
CRITICAL - 2021-04-22 13:40:50 --> Call to a member function getSegment() on array
#0 C:\xampp\htdocs\a-plus-buddy\vendor\codeigniter4\framework\system\View\View.php(236): include()
#1 C:\xampp\htdocs\a-plus-buddy\vendor\codeigniter4\framework\system\Common.php(1071): CodeIgniter\View\View->render('templates/heade...', Array, true)
#2 C:\xampp\htdocs\a-plus-buddy\app\Controllers\Users.php(151): view('templates/heade...', Array)
#3 C:\xampp\htdocs\a-plus-buddy\vendor\codeigniter4\framework\system\CodeIgniter.php(910): App\Controllers\Users->profile()
#4 C:\xampp\htdocs\a-plus-buddy\vendor\codeigniter4\framework\system\CodeIgniter.php(398): CodeIgniter\CodeIgniter->runController(Object(App\Controllers\Users))
#5 C:\xampp\htdocs\a-plus-buddy\vendor\codeigniter4\framework\system\CodeIgniter.php(306): CodeIgniter\CodeIgniter->handleRequest(NULL, Object(Config\Cache), false)
#6 C:\xampp\htdocs\a-plus-buddy\index.php(44): CodeIgniter\CodeIgniter->run()
#7 {main}
CRITICAL - 2021-04-22 13:41:04 --> Call to a member function getSegment() on array
#0 C:\xampp\htdocs\a-plus-buddy\vendor\codeigniter4\framework\system\View\View.php(236): include()
#1 C:\xampp\htdocs\a-plus-buddy\vendor\codeigniter4\framework\system\Common.php(1071): CodeIgniter\View\View->render('templates/heade...', Array, true)
#2 C:\xampp\htdocs\a-plus-buddy\app\Controllers\Users.php(151): view('templates/heade...', Array)
#3 C:\xampp\htdocs\a-plus-buddy\vendor\codeigniter4\framework\system\CodeIgniter.php(910): App\Controllers\Users->profile()
#4 C:\xampp\htdocs\a-plus-buddy\vendor\codeigniter4\framework\system\CodeIgniter.php(398): CodeIgniter\CodeIgniter->runController(Object(App\Controllers\Users))
#5 C:\xampp\htdocs\a-plus-buddy\vendor\codeigniter4\framework\system\CodeIgniter.php(306): CodeIgniter\CodeIgniter->handleRequest(NULL, Object(Config\Cache), false)
#6 C:\xampp\htdocs\a-plus-buddy\index.php(44): CodeIgniter\CodeIgniter->run()
#7 {main}
CRITICAL - 2021-04-22 13:41:04 --> Call to a member function getSegment() on array
#0 C:\xampp\htdocs\a-plus-buddy\vendor\codeigniter4\framework\system\View\View.php(236): include()
#1 C:\xampp\htdocs\a-plus-buddy\vendor\codeigniter4\framework\system\Common.php(1071): CodeIgniter\View\View->render('templates/heade...', Array, true)
#2 C:\xampp\htdocs\a-plus-buddy\app\Controllers\Users.php(151): view('templates/heade...', Array)
#3 C:\xampp\htdocs\a-plus-buddy\vendor\codeigniter4\framework\system\CodeIgniter.php(910): App\Controllers\Users->profile()
#4 C:\xampp\htdocs\a-plus-buddy\vendor\codeigniter4\framework\system\CodeIgniter.php(398): CodeIgniter\CodeIgniter->runController(Object(App\Controllers\Users))
#5 C:\xampp\htdocs\a-plus-buddy\vendor\codeigniter4\framework\system\CodeIgniter.php(306): CodeIgniter\CodeIgniter->handleRequest(NULL, Object(Config\Cache), false)
#6 C:\xampp\htdocs\a-plus-buddy\index.php(44): CodeIgniter\CodeIgniter->run()
#7 {main}
CRITICAL - 2021-04-22 13:41:21 --> Call to a member function getSegment() on array
#0 C:\xampp\htdocs\a-plus-buddy\vendor\codeigniter4\framework\system\View\View.php(236): include()
#1 C:\xampp\htdocs\a-plus-buddy\vendor\codeigniter4\framework\system\Common.php(1071): CodeIgniter\View\View->render('templates/heade...', Array, true)
#2 C:\xampp\htdocs\a-plus-buddy\app\Controllers\Users.php(151): view('templates/heade...', Array)
#3 C:\xampp\htdocs\a-plus-buddy\vendor\codeigniter4\framework\system\CodeIgniter.php(910): App\Controllers\Users->profile()
#4 C:\xampp\htdocs\a-plus-buddy\vendor\codeigniter4\framework\system\CodeIgniter.php(398): CodeIgniter\CodeIgniter->runController(Object(App\Controllers\Users))
#5 C:\xampp\htdocs\a-plus-buddy\vendor\codeigniter4\framework\system\CodeIgniter.php(306): CodeIgniter\CodeIgniter->handleRequest(NULL, Object(Config\Cache), false)
#6 C:\xampp\htdocs\a-plus-buddy\index.php(44): CodeIgniter\CodeIgniter->run()
#7 {main}
CRITICAL - 2021-04-22 13:41:43 --> Call to a member function getSegment() on array
#0 C:\xampp\htdocs\a-plus-buddy\vendor\codeigniter4\framework\system\View\View.php(236): include()
#1 C:\xampp\htdocs\a-plus-buddy\vendor\codeigniter4\framework\system\Common.php(1071): CodeIgniter\View\View->render('templates/heade...', Array, true)
#2 C:\xampp\htdocs\a-plus-buddy\app\Controllers\Users.php(151): view('templates/heade...', Array)
#3 C:\xampp\htdocs\a-plus-buddy\vendor\codeigniter4\framework\system\CodeIgniter.php(910): App\Controllers\Users->profile()
#4 C:\xampp\htdocs\a-plus-buddy\vendor\codeigniter4\framework\system\CodeIgniter.php(398): CodeIgniter\CodeIgniter->runController(Object(App\Controllers\Users))
#5 C:\xampp\htdocs\a-plus-buddy\vendor\codeigniter4\framework\system\CodeIgniter.php(306): CodeIgniter\CodeIgniter->handleRequest(NULL, Object(Config\Cache), false)
#6 C:\xampp\htdocs\a-plus-buddy\index.php(44): CodeIgniter\CodeIgniter->run()
#7 {main}
CRITICAL - 2021-04-22 13:41:44 --> Call to a member function getSegment() on array
#0 C:\xampp\htdocs\a-plus-buddy\vendor\codeigniter4\framework\system\View\View.php(236): include()
#1 C:\xampp\htdocs\a-plus-buddy\vendor\codeigniter4\framework\system\Common.php(1071): CodeIgniter\View\View->render('templates/heade...', Array, true)
#2 C:\xampp\htdocs\a-plus-buddy\app\Controllers\Users.php(151): view('templates/heade...', Array)
#3 C:\xampp\htdocs\a-plus-buddy\vendor\codeigniter4\framework\system\CodeIgniter.php(910): App\Controllers\Users->profile()
#4 C:\xampp\htdocs\a-plus-buddy\vendor\codeigniter4\framework\system\CodeIgniter.php(398): CodeIgniter\CodeIgniter->runController(Object(App\Controllers\Users))
#5 C:\xampp\htdocs\a-plus-buddy\vendor\codeigniter4\framework\system\CodeIgniter.php(306): CodeIgniter\CodeIgniter->handleRequest(NULL, Object(Config\Cache), false)
#6 C:\xampp\htdocs\a-plus-buddy\index.php(44): CodeIgniter\CodeIgniter->run()
#7 {main}
CRITICAL - 2021-04-22 13:42:05 --> Call to a member function getSegment() on array
#0 C:\xampp\htdocs\a-plus-buddy\vendor\codeigniter4\framework\system\View\View.php(236): include()
#1 C:\xampp\htdocs\a-plus-buddy\vendor\codeigniter4\framework\system\Common.php(1071): CodeIgniter\View\View->render('templates/heade...', Array, true)
#2 C:\xampp\htdocs\a-plus-buddy\app\Controllers\Users.php(151): view('templates/heade...', Array)
#3 C:\xampp\htdocs\a-plus-buddy\vendor\codeigniter4\framework\system\CodeIgniter.php(910): App\Controllers\Users->profile()
#4 C:\xampp\htdocs\a-plus-buddy\vendor\codeigniter4\framework\system\CodeIgniter.php(398): CodeIgniter\CodeIgniter->runController(Object(App\Controllers\Users))
#5 C:\xampp\htdocs\a-plus-buddy\vendor\codeigniter4\framework\system\CodeIgniter.php(306): CodeIgniter\CodeIgniter->handleRequest(NULL, Object(Config\Cache), false)
#6 C:\xampp\htdocs\a-plus-buddy\index.php(44): CodeIgniter\CodeIgniter->run()
#7 {main}
CRITICAL - 2021-04-22 13:43:16 --> Call to a member function getSegment() on array
#0 C:\xampp\htdocs\a-plus-buddy\vendor\codeigniter4\framework\system\View\View.php(236): include()
#1 C:\xampp\htdocs\a-plus-buddy\vendor\codeigniter4\framework\system\Common.php(1071): CodeIgniter\View\View->render('templates/heade...', Array, true)
#2 C:\xampp\htdocs\a-plus-buddy\app\Controllers\Users.php(151): view('templates/heade...', Array)
#3 C:\xampp\htdocs\a-plus-buddy\vendor\codeigniter4\framework\system\CodeIgniter.php(910): App\Controllers\Users->profile()
#4 C:\xampp\htdocs\a-plus-buddy\vendor\codeigniter4\framework\system\CodeIgniter.php(398): CodeIgniter\CodeIgniter->runController(Object(App\Controllers\Users))
#5 C:\xampp\htdocs\a-plus-buddy\vendor\codeigniter4\framework\system\CodeIgniter.php(306): CodeIgniter\CodeIgniter->handleRequest(NULL, Object(Config\Cache), false)
#6 C:\xampp\htdocs\a-plus-buddy\index.php(44): CodeIgniter\CodeIgniter->run()
#7 {main}
CRITICAL - 2021-04-22 13:43:17 --> Call to a member function getSegment() on array
#0 C:\xampp\htdocs\a-plus-buddy\vendor\codeigniter4\framework\system\View\View.php(236): include()
#1 C:\xampp\htdocs\a-plus-buddy\vendor\codeigniter4\framework\system\Common.php(1071): CodeIgniter\View\View->render('templates/heade...', Array, true)
#2 C:\xampp\htdocs\a-plus-buddy\app\Controllers\Users.php(151): view('templates/heade...', Array)
#3 C:\xampp\htdocs\a-plus-buddy\vendor\codeigniter4\framework\system\CodeIgniter.php(910): App\Controllers\Users->profile()
#4 C:\xampp\htdocs\a-plus-buddy\vendor\codeigniter4\framework\system\CodeIgniter.php(398): CodeIgniter\CodeIgniter->runController(Object(App\Controllers\Users))
#5 C:\xampp\htdocs\a-plus-buddy\vendor\codeigniter4\framework\system\CodeIgniter.php(306): CodeIgniter\CodeIgniter->handleRequest(NULL, Object(Config\Cache), false)
#6 C:\xampp\htdocs\a-plus-buddy\index.php(44): CodeIgniter\CodeIgniter->run()
#7 {main}
CRITICAL - 2021-04-22 13:58:57 --> Call to undefined method stdClass::getSegment()
#0 C:\xampp\htdocs\a-plus-buddy\vendor\codeigniter4\framework\system\View\View.php(236): include()
#1 C:\xampp\htdocs\a-plus-buddy\vendor\codeigniter4\framework\system\Common.php(1071): CodeIgniter\View\View->render('templates/heade...', Array, true)
#2 C:\xampp\htdocs\a-plus-buddy\app\Controllers\Users.php(151): view('templates/heade...', Array)
#3 C:\xampp\htdocs\a-plus-buddy\vendor\codeigniter4\framework\system\CodeIgniter.php(910): App\Controllers\Users->profile()
#4 C:\xampp\htdocs\a-plus-buddy\vendor\codeigniter4\framework\system\CodeIgniter.php(398): CodeIgniter\CodeIgniter->runController(Object(App\Controllers\Users))
#5 C:\xampp\htdocs\a-plus-buddy\vendor\codeigniter4\framework\system\CodeIgniter.php(306): CodeIgniter\CodeIgniter->handleRequest(NULL, Object(Config\Cache), false)
#6 C:\xampp\htdocs\a-plus-buddy\index.php(44): CodeIgniter\CodeIgniter->run()
#7 {main}
CRITICAL - 2021-04-22 14:09:28 --> Call to undefined function getUriSegments()
#0 C:\xampp\htdocs\a-plus-buddy\vendor\codeigniter4\framework\system\View\View.php(236): include()
#1 C:\xampp\htdocs\a-plus-buddy\vendor\codeigniter4\framework\system\Common.php(1071): CodeIgniter\View\View->render('templates/heade...', Array, true)
#2 C:\xampp\htdocs\a-plus-buddy\app\Controllers\Users.php(106): view('templates/heade...', Array)
#3 C:\xampp\htdocs\a-plus-buddy\vendor\codeigniter4\framework\system\CodeIgniter.php(910): App\Controllers\Users->register()
#4 C:\xampp\htdocs\a-plus-buddy\vendor\codeigniter4\framework\system\CodeIgniter.php(398): CodeIgniter\CodeIgniter->runController(Object(App\Controllers\Users))
#5 C:\xampp\htdocs\a-plus-buddy\vendor\codeigniter4\framework\system\CodeIgniter.php(306): CodeIgniter\CodeIgniter->handleRequest(NULL, Object(Config\Cache), false)
#6 C:\xampp\htdocs\a-plus-buddy\index.php(44): CodeIgniter\CodeIgniter->run()
#7 {main}
CRITICAL - 2021-04-22 14:10:11 --> Call to undefined function getUriSegments()
#0 C:\xampp\htdocs\a-plus-buddy\vendor\codeigniter4\framework\system\View\View.php(236): include()
#1 C:\xampp\htdocs\a-plus-buddy\vendor\codeigniter4\framework\system\Common.php(1071): CodeIgniter\View\View->render('templates/heade...', Array, true)
#2 C:\xampp\htdocs\a-plus-buddy\app\Controllers\Users.php(106): view('templates/heade...', Array)
#3 C:\xampp\htdocs\a-plus-buddy\vendor\codeigniter4\framework\system\CodeIgniter.php(910): App\Controllers\Users->register()
#4 C:\xampp\htdocs\a-plus-buddy\vendor\codeigniter4\framework\system\CodeIgniter.php(398): CodeIgniter\CodeIgniter->runController(Object(App\Controllers\Users))
#5 C:\xampp\htdocs\a-plus-buddy\vendor\codeigniter4\framework\system\CodeIgniter.php(306): CodeIgniter\CodeIgniter->handleRequest(NULL, Object(Config\Cache), false)
#6 C:\xampp\htdocs\a-plus-buddy\index.php(44): CodeIgniter\CodeIgniter->run()
#7 {main}
CRITICAL - 2021-04-22 14:10:12 --> Call to undefined function getUriSegments()
#0 C:\xampp\htdocs\a-plus-buddy\vendor\codeigniter4\framework\system\View\View.php(236): include()
#1 C:\xampp\htdocs\a-plus-buddy\vendor\codeigniter4\framework\system\Common.php(1071): CodeIgniter\View\View->render('templates/heade...', Array, true)
#2 C:\xampp\htdocs\a-plus-buddy\app\Controllers\Users.php(106): view('templates/heade...', Array)
#3 C:\xampp\htdocs\a-plus-buddy\vendor\codeigniter4\framework\system\CodeIgniter.php(910): App\Controllers\Users->register()
#4 C:\xampp\htdocs\a-plus-buddy\vendor\codeigniter4\framework\system\CodeIgniter.php(398): CodeIgniter\CodeIgniter->runController(Object(App\Controllers\Users))
#5 C:\xampp\htdocs\a-plus-buddy\vendor\codeigniter4\framework\system\CodeIgniter.php(306): CodeIgniter\CodeIgniter->handleRequest(NULL, Object(Config\Cache), false)
#6 C:\xampp\htdocs\a-plus-buddy\index.php(44): CodeIgniter\CodeIgniter->run()
#7 {main}
CRITICAL - 2021-04-22 14:12:35 --> Call to undefined function getUriSegments()
#0 C:\xampp\htdocs\a-plus-buddy\vendor\codeigniter4\framework\system\View\View.php(236): include()
#1 C:\xampp\htdocs\a-plus-buddy\vendor\codeigniter4\framework\system\Common.php(1071): CodeIgniter\View\View->render('templates/heade...', Array, true)
#2 C:\xampp\htdocs\a-plus-buddy\app\Controllers\Users.php(106): view('templates/heade...', Array)
#3 C:\xampp\htdocs\a-plus-buddy\vendor\codeigniter4\framework\system\CodeIgniter.php(910): App\Controllers\Users->register()
#4 C:\xampp\htdocs\a-plus-buddy\vendor\codeigniter4\framework\system\CodeIgniter.php(398): CodeIgniter\CodeIgniter->runController(Object(App\Controllers\Users))
#5 C:\xampp\htdocs\a-plus-buddy\vendor\codeigniter4\framework\system\CodeIgniter.php(306): CodeIgniter\CodeIgniter->handleRequest(NULL, Object(Config\Cache), false)
#6 C:\xampp\htdocs\a-plus-buddy\index.php(44): CodeIgniter\CodeIgniter->run()
#7 {main}
CRITICAL - 2021-04-22 14:14:17 --> Call to undefined function getUriSegments()
#0 C:\xampp\htdocs\a-plus-buddy\vendor\codeigniter4\framework\system\View\View.php(236): include()
#1 C:\xampp\htdocs\a-plus-buddy\vendor\codeigniter4\framework\system\Common.php(1071): CodeIgniter\View\View->render('templates/heade...', Array, true)
#2 C:\xampp\htdocs\a-plus-buddy\app\Controllers\Users.php(106): view('templates/heade...', Array)
#3 C:\xampp\htdocs\a-plus-buddy\vendor\codeigniter4\framework\system\CodeIgniter.php(910): App\Controllers\Users->register()
#4 C:\xampp\htdocs\a-plus-buddy\vendor\codeigniter4\framework\system\CodeIgniter.php(398): CodeIgniter\CodeIgniter->runController(Object(App\Controllers\Users))
#5 C:\xampp\htdocs\a-plus-buddy\vendor\codeigniter4\framework\system\CodeIgniter.php(306): CodeIgniter\CodeIgniter->handleRequest(NULL, Object(Config\Cache), false)
#6 C:\xampp\htdocs\a-plus-buddy\index.php(44): CodeIgniter\CodeIgniter->run()
#7 {main}
CRITICAL - 2021-04-22 14:24:01 --> Class 'App\Controllers\Params' not found
#0 C:\xampp\htdocs\a-plus-buddy\vendor\codeigniter4\framework\system\CodeIgniter.php(882): App\Controllers\Home->__construct()
#1 C:\xampp\htdocs\a-plus-buddy\vendor\codeigniter4\framework\system\CodeIgniter.php(393): CodeIgniter\CodeIgniter->createController()
#2 C:\xampp\htdocs\a-plus-buddy\vendor\codeigniter4\framework\system\CodeIgniter.php(306): CodeIgniter\CodeIgniter->handleRequest(NULL, Object(Config\Cache), false)
#3 C:\xampp\htdocs\a-plus-buddy\index.php(44): CodeIgniter\CodeIgniter->run()
#4 {main}
CRITICAL - 2021-04-22 14:29:33 --> 'break' not in the 'loop' or 'switch' context
#0 [internal function]: CodeIgniter\Debug\Exceptions->shutdownHandler()
#1 {main}
CRITICAL - 2021-04-22 14:29:47 --> Use of undefined constant stop - assumed 'stop' (this will throw an Error in a future version of PHP)
#0 C:\xampp\htdocs\a-plus-buddy\app\Helpers\utility_helper.php(16): CodeIgniter\Debug\Exceptions->errorHandler(2, 'Use of undefine...', 'C:\\xampp\\htdocs...', 16, Array)
#1 C:\xampp\htdocs\a-plus-buddy\app\Controllers\Home.php(16): checkLogin()
#2 C:\xampp\htdocs\a-plus-buddy\vendor\codeigniter4\framework\system\CodeIgniter.php(910): App\Controllers\Home->index()
#3 C:\xampp\htdocs\a-plus-buddy\vendor\codeigniter4\framework\system\CodeIgniter.php(398): CodeIgniter\CodeIgniter->runController(Object(App\Controllers\Home))
#4 C:\xampp\htdocs\a-plus-buddy\vendor\codeigniter4\framework\system\CodeIgniter.php(306): CodeIgniter\CodeIgniter->handleRequest(NULL, Object(Config\Cache), false)
#5 C:\xampp\htdocs\a-plus-buddy\index.php(44): CodeIgniter\CodeIgniter->run()
#6 {main}
CRITICAL - 2021-04-22 14:33:18 --> Call to undefined function App\Controllers\checkLogin()
#0 C:\xampp\htdocs\a-plus-buddy\vendor\codeigniter4\framework\system\CodeIgniter.php(910): App\Controllers\Home->index()
#1 C:\xampp\htdocs\a-plus-buddy\vendor\codeigniter4\framework\system\CodeIgniter.php(398): CodeIgniter\CodeIgniter->runController(Object(App\Controllers\Home))
#2 C:\xampp\htdocs\a-plus-buddy\vendor\codeigniter4\framework\system\CodeIgniter.php(306): CodeIgniter\CodeIgniter->handleRequest(NULL, Object(Config\Cache), false)
#3 C:\xampp\htdocs\a-plus-buddy\index.php(44): CodeIgniter\CodeIgniter->run()
#4 {main}
